#
# There is insufficient memory for the Java Runtime Environment to continue.
# Native memory allocation (mmap) failed to map 137887744 bytes for committing reserved memory.
# Possible reasons:
#   The system is out of physical RAM or swap space
#   In 32 bit mode, the process size limit was hit
# Possible solutions:
#   Reduce memory load on the system
#   Increase physical memory or swap space
#   Check if swap backing store is full
#   Use 64 bit Java on a 64 bit OS
#   Decrease Java heap size (-Xmx/-Xms)
#   Decrease number of Java threads
#   Decrease Java thread stack sizes (-Xss)
#   Set larger code cache with -XX:ReservedCodeCacheSize=
# This output file may be truncated or incomplete.
#
#  Out of Memory Error (os_linux.cpp:2627), pid=26235, tid=140711922833152
#
# JRE version: OpenJDK Runtime Environment (8.0_66-b17) (build 1.8.0_66-b17)
# Java VM: OpenJDK 64-Bit Server VM (25.66-b17 mixed mode linux-amd64 compressed oops)
# Failed to write core dump. Core dumps have been disabled. To enable core dumping, try "ulimit -c unlimited" before starting Java again
#

---------------  T H R E A D  ---------------

Current thread (0x00007ffa1c07e000):  VMThread [stack: 0x00007ffa0c1d1000,0x00007ffa0c2d2000] [id=26249]

Stack: [0x00007ffa0c1d1000,0x00007ffa0c2d2000],  sp=0x00007ffa0c2d0480,  free space=1021k
Native frames: (J=compiled Java code, j=interpreted, Vv=VM code, C=native code)
V  [libjvm.so+0xa57648]
V  [libjvm.so+0x4c252c]
V  [libjvm.so+0x8a8d80]
V  [libjvm.so+0x8a32ae]
V  [libjvm.so+0x91c98b]
V  [libjvm.so+0x90c04a]
V  [libjvm.so+0x90c253]
V  [libjvm.so+0x90cbb8]
V  [libjvm.so+0x912e7e]
V  [libjvm.so+0x91a80d]
V  [libjvm.so+0x8cd2a3]
V  [libjvm.so+0xa59282]
V  [libjvm.so+0xa5e257]
V  [libjvm.so+0xa5ba9c]
V  [libjvm.so+0xa5ce7f]
V  [libjvm.so+0xa5d371]
V  [libjvm.so+0x8a6292]

VM_Operation (0x00007ffa254f3770): ParallelGCFailedAllocation, mode: safepoint, requested by thread 0x00007ffa1c008800


---------------  P R O C E S S  ---------------

Java Threads: ( => current thread )
  0x00007ffa1c187800 JavaThread "pool-2-thread-4" [_thread_blocked, id=26264, stack(0x00007ff9f52f3000,0x00007ff9f53f4000)]
  0x00007ffa1c185800 JavaThread "pool-2-thread-3" [_thread_blocked, id=26263, stack(0x00007ff9f53f4000,0x00007ff9f54f5000)]
  0x00007ffa1c184000 JavaThread "pool-2-thread-2" [_thread_blocked, id=26262, stack(0x00007ff9f54f5000,0x00007ff9f55f6000)]
  0x00007ffa1c183000 JavaThread "pool-3-thread-1" [_thread_blocked, id=26261, stack(0x00007ff9f55f6000,0x00007ff9f56f7000)]
  0x00007ffa1c180800 JavaThread "pool-2-thread-1" [_thread_blocked, id=26260, stack(0x00007ff9f56f7000,0x00007ff9f57f8000)]
  0x00007ffa1c0c9000 JavaThread "Service Thread" daemon [_thread_blocked, id=26257, stack(0x00007ff9f58f9000,0x00007ff9f59fa000)]
  0x00007ffa1c0bc000 JavaThread "C1 CompilerThread3" daemon [_thread_blocked, id=26256, stack(0x00007ff9f59fa000,0x00007ff9f5afb000)]
  0x00007ffa1c0b7800 JavaThread "C2 CompilerThread2" daemon [_thread_blocked, id=26255, stack(0x00007ff9f5afb000,0x00007ff9f5bfc000)]
  0x00007ffa1c0b6000 JavaThread "C2 CompilerThread1" daemon [_thread_blocked, id=26254, stack(0x00007ff9f5bfc000,0x00007ff9f5cfd000)]
  0x00007ffa1c0b3000 JavaThread "C2 CompilerThread0" daemon [_thread_blocked, id=26253, stack(0x00007ff9f5cfd000,0x00007ff9f5dfe000)]
  0x00007ffa1c0b1000 JavaThread "Signal Dispatcher" daemon [_thread_blocked, id=26252, stack(0x00007ff9f5dfe000,0x00007ff9f5eff000)]
  0x00007ffa1c085000 JavaThread "Finalizer" daemon [_thread_blocked, id=26251, stack(0x00007ff9f5eff000,0x00007ff9f6000000)]
  0x00007ffa1c083000 JavaThread "Reference Handler" daemon [_thread_blocked, id=26250, stack(0x00007ffa0c0d0000,0x00007ffa0c1d1000)]
  0x00007ffa1c008800 JavaThread "main" [_thread_blocked, id=26240, stack(0x00007ffa253f5000,0x00007ffa254f6000)]

Other Threads:
=>0x00007ffa1c07e000 VMThread [stack: 0x00007ffa0c1d1000,0x00007ffa0c2d2000] [id=26249]
  0x00007ffa1c0cb800 WatcherThread [stack: 0x00007ff9f57f8000,0x00007ff9f58f9000] [id=26258]

VM state:at safepoint (normal execution)

VM Mutex/Monitor currently owned by a thread:  ([mutex/lock_event])
[0x00007ffa1c005dc0] ExpandHeap_lock - owner thread: 0x00007ffa1c07e000
[0x00007ffa1c006440] Threads_lock - owner thread: 0x00007ffa1c07e000
[0x00007ffa1c006940] Heap_lock - owner thread: 0x00007ffa1c008800

Heap:
 PSYoungGen      total 229376K, used 47296K [0x00000000eab00000, 0x0000000100000000, 0x0000000100000000)
  eden space 152576K, 0% used [0x00000000eab00000,0x00000000eab00000,0x00000000f4000000)
  from space 76800K, 61% used [0x00000000fb500000,0x00000000fe3302c8,0x0000000100000000)
  to   space 98304K, 0% used [0x00000000f4000000,0x00000000f4000000,0x00000000fa000000)
 ParOldGen       total 313344K, used 313195K [0x00000000c0000000, 0x00000000d3200000, 0x00000000eab00000)
  object space 313344K, 99% used [0x00000000c0000000,0x00000000d31dae20,0x00000000d3200000)
 Metaspace       used 6546K, capacity 7280K, committed 7552K, reserved 1056768K
  class space    used 594K, capacity 616K, committed 640K, reserved 1048576K

Card table byte_map: [0x00007ffa224d9000,0x00007ffa226da000] byte_map_base: 0x00007ffa21ed9000

Marking Bits: (ParMarkBitMap*) 0x00007ffa24717820
 Begin Bits: [0x00007ff9f6000000, 0x00007ff9f7000000)
 End Bits:   [0x00007ff9f7000000, 0x00007ff9f8000000)

Polling page: 0x00007ffa25539000

CodeCache: size=245760Kb used=12057Kb max_used=14120Kb free=233702Kb
 bounds [0x00007ffa0d000000, 0x00007ffa0dde0000, 0x00007ffa1c000000]
 total_blobs=2744 nmethods=2478 adapters=180
 compilation: enabled

Compilation events (10 events):
Event: 115.982 Thread 0x00007ffa1c0bc000 nmethod 3134 0x00007ffa0d250250 code [0x00007ffa0d250500, 0x00007ffa0d251948]
Event: 115.982 Thread 0x00007ffa1c0bc000 3136       3       com.android.dx.rop.code.RegisterSpecList::getType (12 bytes)
Event: 115.983 Thread 0x00007ffa1c0bc000 nmethod 3136 0x00007ffa0d3cb110 code [0x00007ffa0d3cb2c0, 0x00007ffa0d3cb918]
Event: 116.002 Thread 0x00007ffa1c0b3000 nmethod 3130 0x00007ffa0d1ce650 code [0x00007ffa0d1ce800, 0x00007ffa0d1cf158]
Event: 116.002 Thread 0x00007ffa1c0b3000 3139       4       com.android.dx.cf.code.Simulator$SimVisitor::visitLocal (329 bytes)
Event: 116.005 Thread 0x00007ffa1c0b6000 nmethod 3135 0x00007ffa0d593c50 code [0x00007ffa0d593f80, 0x00007ffa0d594ee0]
Event: 116.005 Thread 0x00007ffa1c0b6000 3137       4       com.android.dx.ssa.DeadCodeRemover::<init> (44 bytes)
Event: 116.007 Thread 0x00007ffa1c0b6000 nmethod 3137 0x00007ffa0d22e690 code [0x00007ffa0d22e800, 0x00007ffa0d22ea68]
Event: 116.007 Thread 0x00007ffa1c0b6000 3138       4       com.android.dx.rop.code.RegisterSpec::<init> (8 bytes)
Event: 116.008 Thread 0x00007ffa1c0b6000 nmethod 3138 0x00007ffa0d6e7990 code [0x00007ffa0d6e7ae0, 0x00007ffa0d6e7bb8]

GC Heap History (10 events):
Event: 13.213 GC heap after
Heap after GC invocations=20 (full 4):
 PSYoungGen      total 262144K, used 23773K [0x00000000eab00000, 0x0000000100000000, 0x0000000100000000)
  eden space 210944K, 0% used [0x00000000eab00000,0x00000000eab00000,0x00000000f7900000)
  from space 51200K, 46% used [0x00000000fce00000,0x00000000fe5374b8,0x0000000100000000)
  to   space 69120K, 0% used [0x00000000f7900000,0x00000000f7900000,0x00000000fbc80000)
 ParOldGen       total 313344K, used 212099K [0x00000000c0000000, 0x00000000d3200000, 0x00000000eab00000)
  object space 313344K, 67% used [0x00000000c0000000,0x00000000ccf20c10,0x00000000d3200000)
 Metaspace       used 6529K, capacity 7280K, committed 7552K, reserved 1056768K
  class space    used 593K, capacity 616K, committed 640K, reserved 1048576K
}
Event: 14.068 GC heap before
{Heap before GC invocations=21 (full 4):
 PSYoungGen      total 262144K, used 234717K [0x00000000eab00000, 0x0000000100000000, 0x0000000100000000)
  eden space 210944K, 100% used [0x00000000eab00000,0x00000000f7900000,0x00000000f7900000)
  from space 51200K, 46% used [0x00000000fce00000,0x00000000fe5374b8,0x0000000100000000)
  to   space 69120K, 0% used [0x00000000f7900000,0x00000000f7900000,0x00000000fbc80000)
 ParOldGen       total 313344K, used 212100K [0x00000000c0000000, 0x00000000d3200000, 0x00000000eab00000)
  object space 313344K, 67% used [0x00000000c0000000,0x00000000ccf21178,0x00000000d3200000)
 Metaspace       used 6540K, capacity 7280K, committed 7552K, reserved 1056768K
  class space    used 593K, capacity 616K, committed 640K, reserved 1048576K
Event: 14.189 GC heap after
Heap after GC invocations=21 (full 4):
 PSYoungGen      total 280064K, used 31920K [0x00000000eab00000, 0x0000000100000000, 0x0000000100000000)
  eden space 210944K, 0% used [0x00000000eab00000,0x00000000eab00000,0x00000000f7900000)
  from space 69120K, 46% used [0x00000000f7900000,0x00000000f982c0b0,0x00000000fbc80000)
  to   space 67072K, 0% used [0x00000000fbe80000,0x00000000fbe80000,0x0000000100000000)
 ParOldGen       total 313344K, used 236016K [0x00000000c0000000, 0x00000000d3200000, 0x00000000eab00000)
  object space 313344K, 75% used [0x00000000c0000000,0x00000000ce67c0b8,0x00000000d3200000)
 Metaspace       used 6540K, capacity 7280K, committed 7552K, reserved 1056768K
  class space    used 593K, capacity 616K, committed 640K, reserved 1048576K
}
Event: 15.457 GC heap before
{Heap before GC invocations=22 (full 4):
 PSYoungGen      total 280064K, used 242864K [0x00000000eab00000, 0x0000000100000000, 0x0000000100000000)
  eden space 210944K, 100% used [0x00000000eab00000,0x00000000f7900000,0x00000000f7900000)
  from space 69120K, 46% used [0x00000000f7900000,0x00000000f982c0b0,0x00000000fbc80000)
  to   space 67072K, 0% used [0x00000000fbe80000,0x00000000fbe80000,0x0000000100000000)
 ParOldGen       total 313344K, used 236016K [0x00000000c0000000, 0x00000000d3200000, 0x00000000eab00000)
  object space 313344K, 75% used [0x00000000c0000000,0x00000000ce67c0b8,0x00000000d3200000)
 Metaspace       used 6540K, capacity 7280K, committed 7552K, reserved 1056768K
  class space    used 593K, capacity 616K, committed 640K, reserved 1048576K
Event: 15.527 GC heap after
Heap after GC invocations=22 (full 4):
 PSYoungGen      total 262656K, used 63661K [0x00000000eab00000, 0x0000000100000000, 0x0000000100000000)
  eden space 195584K, 0% used [0x00000000eab00000,0x00000000eab00000,0x00000000f6a00000)
  from space 67072K, 94% used [0x00000000fbe80000,0x00000000ffcab6f8,0x0000000100000000)
  to   space 76800K, 0% used [0x00000000f6a00000,0x00000000f6a00000,0x00000000fb500000)
 ParOldGen       total 313344K, used 236016K [0x00000000c0000000, 0x00000000d3200000, 0x00000000eab00000)
  object space 313344K, 75% used [0x00000000c0000000,0x00000000ce67c0b8,0x00000000d3200000)
 Metaspace       used 6540K, capacity 7280K, committed 7552K, reserved 1056768K
  class space    used 593K, capacity 616K, committed 640K, reserved 1048576K
}
Event: 16.509 GC heap before
{Heap before GC invocations=23 (full 4):
 PSYoungGen      total 262656K, used 259245K [0x00000000eab00000, 0x0000000100000000, 0x0000000100000000)
  eden space 195584K, 100% used [0x00000000eab00000,0x00000000f6a00000,0x00000000f6a00000)
  from space 67072K, 94% used [0x00000000fbe80000,0x00000000ffcab6f8,0x0000000100000000)
  to   space 76800K, 0% used [0x00000000f6a00000,0x00000000f6a00000,0x00000000fb500000)
 ParOldGen       total 313344K, used 236016K [0x00000000c0000000, 0x00000000d3200000, 0x00000000eab00000)
  object space 313344K, 75% used [0x00000000c0000000,0x00000000ce67c0b8,0x00000000d3200000)
 Metaspace       used 6544K, capacity 7280K, committed 7552K, reserved 1056768K
  class space    used 594K, capacity 616K, committed 640K, reserved 1048576K
Event: 16.608 GC heap after
Heap after GC invocations=23 (full 4):
 PSYoungGen      total 272384K, used 76786K [0x00000000eab00000, 0x0000000100000000, 0x0000000100000000)
  eden space 195584K, 0% used [0x00000000eab00000,0x00000000eab00000,0x00000000f6a00000)
  from space 76800K, 99% used [0x00000000f6a00000,0x00000000fb4fc940,0x00000000fb500000)
  to   space 76800K, 0% used [0x00000000fb500000,0x00000000fb500000,0x0000000100000000)
 ParOldGen       total 313344K, used 256340K [0x00000000c0000000, 0x00000000d3200000, 0x00000000eab00000)
  object space 313344K, 81% used [0x00000000c0000000,0x00000000cfa553b0,0x00000000d3200000)
 Metaspace       used 6544K, capacity 7280K, committed 7552K, reserved 1056768K
  class space    used 594K, capacity 616K, committed 640K, reserved 1048576K
}
Event: 116.041 GC heap before
{Heap before GC invocations=24 (full 4):
 PSYoungGen      total 272384K, used 272370K [0x00000000eab00000, 0x0000000100000000, 0x0000000100000000)
  eden space 195584K, 100% used [0x00000000eab00000,0x00000000f6a00000,0x00000000f6a00000)
  from space 76800K, 99% used [0x00000000f6a00000,0x00000000fb4fc940,0x00000000fb500000)
  to   space 76800K, 0% used [0x00000000fb500000,0x00000000fb500000,0x0000000100000000)
 ParOldGen       total 313344K, used 256340K [0x00000000c0000000, 0x00000000d3200000, 0x00000000eab00000)
  object space 313344K, 81% used [0x00000000c0000000,0x00000000cfa553b0,0x00000000d3200000)
 Metaspace       used 6546K, capacity 7280K, committed 7552K, reserved 1056768K
  class space    used 594K, capacity 616K, committed 640K, reserved 1048576K
Event: 120.541 GC heap after
Heap after GC invocations=24 (full 4):
 PSYoungGen      total 229376K, used 55368K [0x00000000eab00000, 0x0000000100000000, 0x0000000100000000)
  eden space 152576K, 0% used [0x00000000eab00000,0x00000000eab00000,0x00000000f4000000)
  from space 76800K, 72% used [0x00000000fb500000,0x00000000feb12240,0x0000000100000000)
  to   space 98304K, 0% used [0x00000000f4000000,0x00000000f4000000,0x00000000fa000000)
 ParOldGen       total 313344K, used 311614K [0x00000000c0000000, 0x00000000d3200000, 0x00000000eab00000)
  object space 313344K, 99% used [0x00000000c0000000,0x00000000d304fa60,0x00000000d3200000)
 Metaspace       used 6546K, capacity 7280K, committed 7552K, reserved 1056768K
  class space    used 594K, capacity 616K, committed 640K, reserved 1048576K
}
Event: 120.609 GC heap before
{Heap before GC invocations=25 (full 5):
 PSYoungGen      total 229376K, used 55368K [0x00000000eab00000, 0x0000000100000000, 0x0000000100000000)
  eden space 152576K, 0% used [0x00000000eab00000,0x00000000eab00000,0x00000000f4000000)
  from space 76800K, 72% used [0x00000000fb500000,0x00000000feb12240,0x0000000100000000)
  to   space 98304K, 0% used [0x00000000f4000000,0x00000000f4000000,0x00000000fa000000)
 ParOldGen       total 313344K, used 311614K [0x00000000c0000000, 0x00000000d3200000, 0x00000000eab00000)
  object space 313344K, 99% used [0x00000000c0000000,0x00000000d304fa60,0x00000000d3200000)
 Metaspace       used 6546K, capacity 7280K, committed 7552K, reserved 1056768K
  class space    used 594K, capacity 616K, committed 640K, reserved 1048576K

Deoptimization events (10 events):
Event: 14.951 Thread 0x00007ffa1c184000 Uncommon trap: reason=unstable_if action=reinterpret pc=0x00007ffa0db23000 method=com.android.dx.cf.code.Merger.mergeType(Lcom/android/dx/rop/type/TypeBearer;Lcom/android/dx/rop/type/TypeBearer;)Lcom/android/dx/rop/type/TypeBearer; @ 77
Event: 14.953 Thread 0x00007ffa1c184000 Uncommon trap: reason=unstable_if action=reinterpret pc=0x00007ffa0db04ad0 method=com.android.dx.cf.code.Merger.isPossiblyAssignableFrom(Lcom/android/dx/rop/type/TypeBearer;Lcom/android/dx/rop/type/TypeBearer;)Z @ 131
Event: 15.868 Thread 0x00007ffa1c180800 Uncommon trap: reason=unstable_if action=reinterpret pc=0x00007ffa0db1dce4 method=java.util.HashMap$TreeNode.find(ILjava/lang/Object;Ljava/lang/Class;)Ljava/util/HashMap$TreeNode; @ 58
Event: 15.883 Thread 0x00007ffa1c187800 Uncommon trap: reason=unstable_if action=reinterpret pc=0x00007ffa0dbab7bc method=com.android.dx.ssa.SsaMethod.blockIndexToRopLabel(I)I @ 1
Event: 16.200 Thread 0x00007ffa1c008800 Uncommon trap: reason=unstable_if action=reinterpret pc=0x00007ffa0dbc3c20 method=com.android.dx.cf.code.Ropper.labelToResultIndex(I)I @ 34
Event: 16.403 Thread 0x00007ffa1c187800 Uncommon trap: reason=class_check action=maybe_recompile pc=0x00007ffa0dacddb8 method=com.android.dx.cf.code.Ropper.processBlock(Lcom/android/dx/cf/code/ByteBlock;Lcom/android/dx/cf/code/Frame;[I)V @ 711
Event: 93.776 Thread 0x00007ffa1c185800 Uncommon trap: reason=unstable_if action=reinterpret pc=0x00007ffa0dcccc5c method=com.android.dx.cf.code.RopperMachine.updateReturnOp(Lcom/android/dx/rop/code/Rop;Lcom/android/dx/rop/code/SourcePosition;)V @ 106
Event: 98.846 Thread 0x00007ffa1c187800 Uncommon trap: reason=unstable_if action=reinterpret pc=0x00007ffa0dc94768 method=com.android.dx.dex.code.RopTranslator.pickOrder()V @ 279
Event: 115.433 Thread 0x00007ffa1c185800 Uncommon trap: reason=unstable_if action=reinterpret pc=0x00007ffa0dd9ddbc method=com.android.dx.ssa.SCCP.replaceBranches()V @ 14
Event: 115.433 Thread 0x00007ffa1c187800 Uncommon trap: reason=unstable_if action=reinterpret pc=0x00007ffa0dd9db30 method=com.android.dx.ssa.SCCP.run()V @ 179

Internal exceptions (9 events):
Event: 0.241 Thread 0x00007ffa1c008800 Exception <a 'java/lang/NoSuchMethodError': Method sun.misc.Unsafe.defineClass(Ljava/lang/String;[BII)Ljava/lang/Class; name or signature does not match> (0x00000000eab12ba8) thrown at [/build/java8-openjdk/src/jdk8u-jdk8u66-b17/hotspot/src/share/vm/prims
Event: 0.241 Thread 0x00007ffa1c008800 Exception <a 'java/lang/NoSuchMethodError': Method sun.misc.Unsafe.prefetchRead(Ljava/lang/Object;J)V name or signature does not match> (0x00000000eab12e90) thrown at [/build/java8-openjdk/src/jdk8u-jdk8u66-b17/hotspot/src/share/vm/prims/jni.cpp, line 398
Event: 1.531 Thread 0x00007ffa1c187800 Implicit null exception at 0x00007ffa0d2be6e2 to 0x00007ffa0d2be7e5
Event: 1.615 Thread 0x00007ffa1c187800 Implicit null exception at 0x00007ffa0d301aec to 0x00007ffa0d304a0d
Event: 2.405 Thread 0x00007ffa1c180800 Exception <a 'java/lang/ArrayIndexOutOfBoundsException': 18> (0x00000000eb2227f8) thrown at [/build/java8-openjdk/src/jdk8u-jdk8u66-b17/hotspot/src/share/vm/interpreter/interpreterRuntime.cpp, line 366]
Event: 2.406 Thread 0x00007ffa1c180800 Exception <a 'java/lang/ArrayIndexOutOfBoundsException': 145> (0x00000000eb224378) thrown at [/build/java8-openjdk/src/jdk8u-jdk8u66-b17/hotspot/src/share/vm/interpreter/interpreterRuntime.cpp, line 366]
Event: 2.413 Thread 0x00007ffa1c180800 Exception <a 'java/lang/ArrayIndexOutOfBoundsException'> (0x00000000eb225660) thrown at [/build/java8-openjdk/src/jdk8u-jdk8u66-b17/hotspot/src/share/vm/runtime/sharedRuntime.cpp, line 605]
Event: 8.186 Thread 0x00007ffa1c008800 Implicit null exception at 0x00007ffa0d156ddd to 0x00007ffa0d1577c5
Event: 8.848 Thread 0x00007ffa1c180800 Implicit null exception at 0x00007ffa0d83e835 to 0x00007ffa0d83f4a1

Events (10 events):
Event: 115.298 Thread 0x00007ffa1c185800 Uncommon trap: trap_request=0xffffff65 fr.pc=0x00007ffa0dd9ddbc
Event: 115.433 Thread 0x00007ffa1c187800 DEOPT PACKING pc=0x00007ffa0dd9db30 sp=0x00007ff9f53f2210
Event: 115.433 Thread 0x00007ffa1c185800 DEOPT PACKING pc=0x00007ffa0dd9ddbc sp=0x00007ff9f54f3210
Event: 115.434 Thread 0x00007ffa1c008800 DEOPT PACKING pc=0x00007ffa0d87429f sp=0x00007ffa254f3c10
Event: 115.435 Thread 0x00007ffa1c187800 DEOPT UNPACKING pc=0x00007ffa0d004f69 sp=0x00007ff9f53f21d8 mode 2
Event: 115.435 Thread 0x00007ffa1c008800 DEOPT UNPACKING pc=0x00007ffa0d047373 sp=0x00007ffa254f3a60 mode 0
Event: 115.435 Thread 0x00007ffa1c185800 DEOPT UNPACKING pc=0x00007ffa0d004f69 sp=0x00007ff9f54f3148 mode 2
Event: 115.982 Thread 0x00007ffa1c008800 DEOPT PACKING pc=0x00007ffa0d31deed sp=0x00007ffa254f3920
Event: 115.982 Thread 0x00007ffa1c008800 DEOPT UNPACKING pc=0x00007ffa0d047373 sp=0x00007ffa254f36d0 mode 0
Event: 116.020 Executing VM operation: ParallelGCFailedAllocation


Dynamic libraries:
00400000-00401000 r-xp 00000000 08:05 11549069                           /usr/lib/jvm/java-8-openjdk/jre/bin/java
00600000-00601000 rw-p 00000000 08:05 11549069                           /usr/lib/jvm/java-8-openjdk/jre/bin/java
0246a000-0248b000 rw-p 00000000 00:00 0                                  [heap]
c0000000-d3200000 rw-p 00000000 00:00 0 
db580000-eab00000 ---p 00000000 00:00 0 
eab00000-100000000 rw-p 00000000 00:00 0 
100000000-1000a0000 rw-p 00000000 00:00 0 
1000a0000-140000000 ---p 00000000 00:00 0 
7ff9a8000000-7ff9a8039000 rw-p 00000000 00:00 0 
7ff9a8039000-7ff9ac000000 ---p 00000000 00:00 0 
7ff9ac000000-7ff9ac026000 rw-p 00000000 00:00 0 
7ff9ac026000-7ff9b0000000 ---p 00000000 00:00 0 
7ff9b0000000-7ff9b0021000 rw-p 00000000 00:00 0 
7ff9b0021000-7ff9b4000000 ---p 00000000 00:00 0 
7ff9b4000000-7ff9b4028000 rw-p 00000000 00:00 0 
7ff9b4028000-7ff9b8000000 ---p 00000000 00:00 0 
7ff9b8000000-7ff9b8021000 rw-p 00000000 00:00 0 
7ff9b8021000-7ff9bc000000 ---p 00000000 00:00 0 
7ff9bc000000-7ff9bc043000 rw-p 00000000 00:00 0 
7ff9bc043000-7ff9c0000000 ---p 00000000 00:00 0 
7ff9c0000000-7ff9c08f0000 rw-p 00000000 00:00 0 
7ff9c08f0000-7ff9c4000000 ---p 00000000 00:00 0 
7ff9c4000000-7ff9c4021000 rw-p 00000000 00:00 0 
7ff9c4021000-7ff9c8000000 ---p 00000000 00:00 0 
7ff9c8000000-7ff9c973e000 rw-p 00000000 00:00 0 
7ff9c973e000-7ff9cc000000 ---p 00000000 00:00 0 
7ff9cc000000-7ff9cd594000 rw-p 00000000 00:00 0 
7ff9cd594000-7ff9d0000000 ---p 00000000 00:00 0 
7ff9d0000000-7ff9d0021000 rw-p 00000000 00:00 0 
7ff9d0021000-7ff9d4000000 ---p 00000000 00:00 0 
7ff9d4000000-7ff9d594f000 rw-p 00000000 00:00 0 
7ff9d594f000-7ff9d8000000 ---p 00000000 00:00 0 
7ff9d8000000-7ff9d8021000 rw-p 00000000 00:00 0 
7ff9d8021000-7ff9dc000000 ---p 00000000 00:00 0 
7ff9dc000000-7ff9dc021000 rw-p 00000000 00:00 0 
7ff9dc021000-7ff9e0000000 ---p 00000000 00:00 0 
7ff9e0000000-7ff9e0021000 rw-p 00000000 00:00 0 
7ff9e0021000-7ff9e4000000 ---p 00000000 00:00 0 
7ff9e4000000-7ff9e4021000 rw-p 00000000 00:00 0 
7ff9e4021000-7ff9e8000000 ---p 00000000 00:00 0 
7ff9e8000000-7ff9e8021000 rw-p 00000000 00:00 0 
7ff9e8021000-7ff9ec000000 ---p 00000000 00:00 0 
7ff9f0000000-7ff9f0021000 rw-p 00000000 00:00 0 
7ff9f0021000-7ff9f4000000 ---p 00000000 00:00 0 
7ff9f52f3000-7ff9f52f6000 ---p 00000000 00:00 0 
7ff9f52f6000-7ff9f53f4000 rw-p 00000000 00:00 0                          [stack:26264]
7ff9f53f4000-7ff9f53f7000 ---p 00000000 00:00 0 
7ff9f53f7000-7ff9f54f5000 rw-p 00000000 00:00 0                          [stack:26263]
7ff9f54f5000-7ff9f54f8000 ---p 00000000 00:00 0 
7ff9f54f8000-7ff9f55f6000 rw-p 00000000 00:00 0                          [stack:26262]
7ff9f55f6000-7ff9f55f9000 ---p 00000000 00:00 0 
7ff9f55f9000-7ff9f56f7000 rw-p 00000000 00:00 0                          [stack:26261]
7ff9f56f7000-7ff9f56fa000 ---p 00000000 00:00 0 
7ff9f56fa000-7ff9f57f8000 rw-p 00000000 00:00 0                          [stack:26260]
7ff9f57f8000-7ff9f57f9000 ---p 00000000 00:00 0 
7ff9f57f9000-7ff9f58f9000 rw-p 00000000 00:00 0                          [stack:26258]
7ff9f58f9000-7ff9f58fc000 ---p 00000000 00:00 0 
7ff9f58fc000-7ff9f59fa000 rw-p 00000000 00:00 0                          [stack:26257]
7ff9f59fa000-7ff9f59fd000 ---p 00000000 00:00 0 
7ff9f59fd000-7ff9f5afb000 rw-p 00000000 00:00 0                          [stack:26256]
7ff9f5afb000-7ff9f5afe000 ---p 00000000 00:00 0 
7ff9f5afe000-7ff9f5bfc000 rw-p 00000000 00:00 0                          [stack:26255]
7ff9f5bfc000-7ff9f5bff000 ---p 00000000 00:00 0 
7ff9f5bff000-7ff9f5cfd000 rw-p 00000000 00:00 0                          [stack:26254]
7ff9f5cfd000-7ff9f5d00000 ---p 00000000 00:00 0 
7ff9f5d00000-7ff9f5dfe000 rw-p 00000000 00:00 0                          [stack:26253]
7ff9f5dfe000-7ff9f5e01000 ---p 00000000 00:00 0 
7ff9f5e01000-7ff9f5eff000 rw-p 00000000 00:00 0                          [stack:26252]
7ff9f5eff000-7ff9f5f02000 ---p 00000000 00:00 0 
7ff9f5f02000-7ff9f8000000 rw-p 00000000 00:00 0                          [stack:26251]
7ff9f8000000-7ff9f8021000 rw-p 00000000 00:00 0 
7ff9f8021000-7ff9fc000000 ---p 00000000 00:00 0 
7ff9fc000000-7ff9fc021000 rw-p 00000000 00:00 0 
7ff9fc021000-7ffa00000000 ---p 00000000 00:00 0 
7ffa00000000-7ffa00021000 rw-p 00000000 00:00 0 
7ffa00021000-7ffa04000000 ---p 00000000 00:00 0 
7ffa04000000-7ffa04021000 rw-p 00000000 00:00 0 
7ffa04021000-7ffa08000000 ---p 00000000 00:00 0 
7ffa08000000-7ffa08021000 rw-p 00000000 00:00 0 
7ffa08021000-7ffa0c000000 ---p 00000000 00:00 0 
7ffa0c00e000-7ffa0c0d0000 r--s 007d6000 08:06 1977261                    /home/axzanaeb/AndroidStudioProjects/HelloWorld/app/build/intermediates/multi-dex/debug/allclasses.jar
7ffa0c0d0000-7ffa0c0d3000 ---p 00000000 00:00 0 
7ffa0c0d3000-7ffa0c1d1000 rw-p 00000000 00:00 0                          [stack:26250]
7ffa0c1d1000-7ffa0c1d2000 ---p 00000000 00:00 0 
7ffa0c1d2000-7ffa0d000000 rw-p 00000000 00:00 0                          [stack:26249]
7ffa0d000000-7ffa0dde0000 rwxp 00000000 00:00 0 
7ffa0dde0000-7ffa1c000000 ---p 00000000 00:00 0 
7ffa1c000000-7ffa1c2c4000 rw-p 00000000 00:00 0 
7ffa1c2c4000-7ffa20000000 ---p 00000000 00:00 0 
7ffa20017000-7ffa20f38000 rw-p 00000000 00:00 0 
7ffa20f38000-7ffa21105000 r--s 03be8000 08:05 11672578                   /usr/lib/jvm/java-8-openjdk/jre/lib/rt.jar
7ffa21105000-7ffa2183b000 rw-p 00000000 00:00 0 
7ffa2183b000-7ffa2197b000 ---p 00000000 00:00 0 
7ffa2197b000-7ffa21b7b000 rw-p 00000000 00:00 0 
7ffa21b7b000-7ffa21b7c000 ---p 00000000 00:00 0 
7ffa21b7c000-7ffa21c7c000 rw-p 00000000 00:00 0                          [stack:26248]
7ffa21c7c000-7ffa21c7d000 ---p 00000000 00:00 0 
7ffa21c7d000-7ffa21d7d000 rw-p 00000000 00:00 0                          [stack:26247]
7ffa21d7d000-7ffa21d7e000 ---p 00000000 00:00 0 
7ffa21d7e000-7ffa21e7e000 rw-p 00000000 00:00 0                          [stack:26246]
7ffa21e7e000-7ffa21e7f000 ---p 00000000 00:00 0 
7ffa21e7f000-7ffa21f7f000 rw-p 00000000 00:00 0                          [stack:26245]
7ffa21f7f000-7ffa21f80000 ---p 00000000 00:00 0 
7ffa21f80000-7ffa22080000 rw-p 00000000 00:00 0                          [stack:26244]
7ffa22080000-7ffa22081000 ---p 00000000 00:00 0 
7ffa22081000-7ffa22181000 rw-p 00000000 00:00 0                          [stack:26243]
7ffa22181000-7ffa22182000 ---p 00000000 00:00 0 
7ffa22182000-7ffa22282000 rw-p 00000000 00:00 0                          [stack:26242]
7ffa22282000-7ffa22283000 ---p 00000000 00:00 0 
7ffa22283000-7ffa2241c000 rw-p 00000000 00:00 0                          [stack:26241]
7ffa2241c000-7ffa224d9000 ---p 00000000 00:00 0 
7ffa224d9000-7ffa22572000 rw-p 00000000 00:00 0 
7ffa22572000-7ffa2262e000 ---p 00000000 00:00 0 
7ffa2262e000-7ffa226d9000 rw-p 00000000 00:00 0 
7ffa226d9000-7ffa22712000 rw-p 00000000 00:00 0 
7ffa22712000-7ffa22a9a000 ---p 00000000 00:00 0 
7ffa22a9a000-7ffa22aa2000 r-xp 00000000 08:05 11801229                   /usr/lib/jvm/java-8-openjdk/jre/lib/amd64/libzip.so
7ffa22aa2000-7ffa22ca1000 ---p 00008000 08:05 11801229                   /usr/lib/jvm/java-8-openjdk/jre/lib/amd64/libzip.so
7ffa22ca1000-7ffa22ca2000 rw-p 00007000 08:05 11801229                   /usr/lib/jvm/java-8-openjdk/jre/lib/amd64/libzip.so
7ffa22ca2000-7ffa22cad000 r-xp 00000000 08:05 9178287                    /usr/lib/libnss_files-2.22.so
7ffa22cad000-7ffa22eac000 ---p 0000b000 08:05 9178287                    /usr/lib/libnss_files-2.22.so
7ffa22eac000-7ffa22ead000 r--p 0000a000 08:05 9178287                    /usr/lib/libnss_files-2.22.so
7ffa22ead000-7ffa22eae000 rw-p 0000b000 08:05 9178287                    /usr/lib/libnss_files-2.22.so
7ffa22eae000-7ffa22eb4000 rw-p 00000000 00:00 0 
7ffa22eb4000-7ffa22ee0000 r-xp 00000000 08:05 11801221                   /usr/lib/jvm/java-8-openjdk/jre/lib/amd64/libjava.so
7ffa22ee0000-7ffa230e0000 ---p 0002c000 08:05 11801221                   /usr/lib/jvm/java-8-openjdk/jre/lib/amd64/libjava.so
7ffa230e0000-7ffa230e2000 rw-p 0002c000 08:05 11801221                   /usr/lib/jvm/java-8-openjdk/jre/lib/amd64/libjava.so
7ffa230e2000-7ffa230ef000 r-xp 00000000 08:05 11801218                   /usr/lib/jvm/java-8-openjdk/jre/lib/amd64/libverify.so
7ffa230ef000-7ffa232ee000 ---p 0000d000 08:05 11801218                   /usr/lib/jvm/java-8-openjdk/jre/lib/amd64/libverify.so
7ffa232ee000-7ffa232f0000 rw-p 0000c000 08:05 11801218                   /usr/lib/jvm/java-8-openjdk/jre/lib/amd64/libverify.so
7ffa232f0000-7ffa232f7000 r-xp 00000000 08:05 9178295                    /usr/lib/librt-2.22.so
7ffa232f7000-7ffa234f6000 ---p 00007000 08:05 9178295                    /usr/lib/librt-2.22.so
7ffa234f6000-7ffa234f7000 r--p 00006000 08:05 9178295                    /usr/lib/librt-2.22.so
7ffa234f7000-7ffa234f8000 rw-p 00007000 08:05 9178295                    /usr/lib/librt-2.22.so
7ffa234f8000-7ffa235f5000 r-xp 00000000 08:05 9178292                    /usr/lib/libm-2.22.so
7ffa235f5000-7ffa237f4000 ---p 000fd000 08:05 9178292                    /usr/lib/libm-2.22.so
7ffa237f4000-7ffa237f5000 r--p 000fc000 08:05 9178292                    /usr/lib/libm-2.22.so
7ffa237f5000-7ffa237f6000 rw-p 000fd000 08:05 9178292                    /usr/lib/libm-2.22.so
7ffa237f6000-7ffa24449000 r-xp 00000000 08:05 12451867                   /usr/lib/jvm/java-8-openjdk/jre/lib/amd64/server/libjvm.so
7ffa24449000-7ffa24648000 ---p 00c53000 08:05 12451867                   /usr/lib/jvm/java-8-openjdk/jre/lib/amd64/server/libjvm.so
7ffa24648000-7ffa24704000 rw-p 00c52000 08:05 12451867                   /usr/lib/jvm/java-8-openjdk/jre/lib/amd64/server/libjvm.so
7ffa24704000-7ffa24732000 rw-p 00000000 00:00 0 
7ffa24732000-7ffa248cd000 r-xp 00000000 08:05 9178242                    /usr/lib/libc-2.22.so
7ffa248cd000-7ffa24acc000 ---p 0019b000 08:05 9178242                    /usr/lib/libc-2.22.so
7ffa24acc000-7ffa24ad0000 r--p 0019a000 08:05 9178242                    /usr/lib/libc-2.22.so
7ffa24ad0000-7ffa24ad2000 rw-p 0019e000 08:05 9178242                    /usr/lib/libc-2.22.so
7ffa24ad2000-7ffa24ad6000 rw-p 00000000 00:00 0 
7ffa24ad6000-7ffa24ad9000 r-xp 00000000 08:05 9178291                    /usr/lib/libdl-2.22.so
7ffa24ad9000-7ffa24cd8000 ---p 00003000 08:05 9178291                    /usr/lib/libdl-2.22.so
7ffa24cd8000-7ffa24cd9000 r--p 00002000 08:05 9178291                    /usr/lib/libdl-2.22.so
7ffa24cd9000-7ffa24cda000 rw-p 00003000 08:05 9178291                    /usr/lib/libdl-2.22.so
7ffa24cda000-7ffa24ce7000 r-xp 00000000 08:05 12451864                   /usr/lib/jvm/java-8-openjdk/jre/lib/amd64/jli/libjli.so
7ffa24ce7000-7ffa24ee6000 ---p 0000d000 08:05 12451864                   /usr/lib/jvm/java-8-openjdk/jre/lib/amd64/jli/libjli.so
7ffa24ee6000-7ffa24ee7000 rw-p 0000c000 08:05 12451864                   /usr/lib/jvm/java-8-openjdk/jre/lib/amd64/jli/libjli.so
7ffa24ee7000-7ffa24efc000 r-xp 00000000 08:05 9181547                    /usr/lib/libz.so.1.2.8
7ffa24efc000-7ffa250fb000 ---p 00015000 08:05 9181547                    /usr/lib/libz.so.1.2.8
7ffa250fb000-7ffa250fc000 r--p 00014000 08:05 9181547                    /usr/lib/libz.so.1.2.8
7ffa250fc000-7ffa250fd000 rw-p 00015000 08:05 9181547                    /usr/lib/libz.so.1.2.8
7ffa250fd000-7ffa25115000 r-xp 00000000 08:05 9178223                    /usr/lib/libpthread-2.22.so
7ffa25115000-7ffa25314000 ---p 00018000 08:05 9178223                    /usr/lib/libpthread-2.22.so
7ffa25314000-7ffa25315000 r--p 00017000 08:05 9178223                    /usr/lib/libpthread-2.22.so
7ffa25315000-7ffa25316000 rw-p 00018000 08:05 9178223                    /usr/lib/libpthread-2.22.so
7ffa25316000-7ffa2531a000 rw-p 00000000 00:00 0 
7ffa2531a000-7ffa2533c000 r-xp 00000000 08:05 9178241                    /usr/lib/ld-2.22.so
7ffa25342000-7ffa25351000 r--s 000df000 08:05 2886850                    /opt/android-sdk/build-tools/23.0.2/lib/dx.jar
7ffa25351000-7ffa253f5000 rw-p 00000000 00:00 0 
7ffa253f5000-7ffa253f8000 ---p 00000000 00:00 0 
7ffa253f8000-7ffa254fb000 rw-p 00000000 00:00 0                          [stack:26240]
7ffa254fb000-7ffa25530000 rw-p 00000000 00:00 0 
7ffa25530000-7ffa25538000 rw-s 00000000 00:1f 1308109                    /tmp/hsperfdata_axzanaeb/26235
7ffa25538000-7ffa25539000 rw-p 00000000 00:00 0 
7ffa25539000-7ffa2553a000 ---p 00000000 00:00 0 
7ffa2553a000-7ffa2553b000 rw-p 00000000 00:00 0 
7ffa2553b000-7ffa2553c000 r--p 00021000 08:05 9178241                    /usr/lib/ld-2.22.so
7ffa2553c000-7ffa2553d000 rw-p 00022000 08:05 9178241                    /usr/lib/ld-2.22.so
7ffa2553d000-7ffa2553e000 rw-p 00000000 00:00 0 
7ffdfd21c000-7ffdfd23d000 rw-p 00000000 00:00 0                          [stack]
7ffdfd319000-7ffdfd31b000 r--p 00000000 00:00 0                          [vvar]
7ffdfd31b000-7ffdfd31d000 r-xp 00000000 00:00 0                          [vdso]
ffffffffff600000-ffffffffff601000 r-xp 00000000 00:00 0                  [vsyscall]

VM Arguments:
jvm_args: -Xmx1024M -Dfile.encoding=US-ASCII -Duser.country=US -Duser.language=en -Duser.variant 
java_command: com.android.dx.command.Main --dex --num-threads=4 --multi-dex --main-dex-list /home/axzanaeb/AndroidStudioProjects/HelloWorld/app/build/intermediates/multi-dex/debug/maindexlist.txt --output /home/axzanaeb/AndroidStudioProjects/HelloWorld/app/build/intermediates/dex/debug /home/axzanaeb/AndroidStudioProjects/HelloWorld/app/build/intermediates/multi-dex/debug/allclasses.jar
java_class_path (initial): /opt/android-sdk/build-tools/23.0.2/lib/dx.jar
Launcher Type: SUN_STANDARD

Environment Variables:
PATH=/usr/local/sbin:/usr/local/bin:/usr/bin:/opt/android-sdk/platform-tools:/opt/android-sdk/tools:/usr/lib/jvm/default/bin:/usr/bin/site_perl:/usr/bin/vendor_perl:/usr/bin/core_perl:/home/axzanaeb/.rvm/bin
LD_LIBRARY_PATH=/opt/android-studio/bin:
SHELL=/bin/bash
DISPLAY=:0

Signal Handlers:
SIGSEGV: [libjvm.so+0xa58190], sa_mask[0]=11111111011111111101111111111110, sa_flags=SA_RESTART|SA_SIGINFO
SIGBUS: [libjvm.so+0xa58190], sa_mask[0]=11111111011111111101111111111110, sa_flags=SA_RESTART|SA_SIGINFO
SIGFPE: [libjvm.so+0x8a4420], sa_mask[0]=11111111011111111101111111111110, sa_flags=SA_RESTART|SA_SIGINFO
SIGPIPE: [libjvm.so+0x8a4420], sa_mask[0]=11111111011111111101111111111110, sa_flags=SA_RESTART|SA_SIGINFO
SIGXFSZ: [libjvm.so+0x8a4420], sa_mask[0]=11111111011111111101111111111110, sa_flags=SA_RESTART|SA_SIGINFO
SIGILL: [libjvm.so+0x8a4420], sa_mask[0]=11111111011111111101111111111110, sa_flags=SA_RESTART|SA_SIGINFO
SIGUSR1: SIG_DFL, sa_mask[0]=00000000000000000000000000000000, sa_flags=none
SIGUSR2: [libjvm.so+0x8a42d0], sa_mask[0]=00100000000000000000000000000000, sa_flags=SA_RESTART|SA_SIGINFO
SIGHUP: [libjvm.so+0x8a47a0], sa_mask[0]=11111111011111111101111111111110, sa_flags=SA_RESTART|SA_SIGINFO
SIGINT: [libjvm.so+0x8a47a0], sa_mask[0]=11111111011111111101111111111110, sa_flags=SA_RESTART|SA_SIGINFO
SIGTERM: [libjvm.so+0x8a47a0], sa_mask[0]=11111111011111111101111111111110, sa_flags=SA_RESTART|SA_SIGINFO
SIGQUIT: [libjvm.so+0x8a47a0], sa_mask[0]=11111111011111111101111111111110, sa_flags=SA_RESTART|SA_SIGINFO


---------------  S Y S T E M  ---------------

OS:NAME="Arch Linux"
ID=arch
PRETTY_NAME="Arch Linux"
ANSI_COLOR="0;36"
HOME_URL="https://www.archlinux.org/"
SUPPORT_URL="https://bbs.archlinux.org/"
BUG_REPORT_URL="https://bugs.archlinux.org/"


uname:Linux 4.2.5-1-ARCH #1 SMP PREEMPT Tue Oct 27 08:13:28 CET 2015 x86_64
libc:glibc 2.22 NPTL 2.22 
rlimit: STACK 8192k, CORE 0k, NPROC 15400, NOFILE 4096, AS infinity
load average:25.70 10.67 4.66

/proc/meminfo:
MemTotal:        3948712 kB
MemFree:           33112 kB
MemAvailable:      99452 kB
Buffers:            1480 kB
Cached:           269116 kB
SwapCached:            0 kB
Active:          3508848 kB
Inactive:         220108 kB
Active(anon):    3485604 kB
Inactive(anon):   194484 kB
Active(file):      23244 kB
Inactive(file):    25624 kB
Unevictable:          32 kB
Mlocked:              32 kB
SwapTotal:             0 kB
SwapFree:              0 kB
Dirty:               228 kB
Writeback:            56 kB
AnonPages:       3458972 kB
Mapped:           139412 kB
Shmem:            221248 kB
Slab:              85312 kB
SReclaimable:      46824 kB
SUnreclaim:        38488 kB
KernelStack:        9952 kB
PageTables:        40416 kB
NFS_Unstable:          0 kB
Bounce:                0 kB
WritebackTmp:          0 kB
CommitLimit:     1974356 kB
Committed_AS:    6748176 kB
VmallocTotal:   34359738367 kB
VmallocUsed:      557120 kB
VmallocChunk:   34358423548 kB
HardwareCorrupted:     0 kB
AnonHugePages:    548864 kB
HugePages_Total:       0
HugePages_Free:        0
HugePages_Rsvd:        0
HugePages_Surp:        0
Hugepagesize:       2048 kB
DirectMap4k:      212732 kB
DirectMap2M:     3878912 kB


CPU:total 8 (4 cores per cpu, 2 threads per core) family 6 model 58 stepping 9, cmov, cx8, fxsr, mmx, sse, sse2, sse3, ssse3, sse4.1, sse4.2, popcnt, avx, aes, clmul, erms, ht, tsc, tscinvbit, tscinv

/proc/cpuinfo:
processor	: 0
vendor_id	: GenuineIntel
cpu family	: 6
model		: 58
model name	: Intel(R) Core(TM) i7-3610QM CPU @ 2.30GHz
stepping	: 9
microcode	: 0x1b
cpu MHz		: 1203.996
cache size	: 6144 KB
physical id	: 0
siblings	: 8
core id		: 0
cpu cores	: 4
apicid		: 0
initial apicid	: 0
fpu		: yes
fpu_exception	: yes
cpuid level	: 13
wp		: yes
flags		: fpu vme de pse tsc msr pae mce cx8 apic sep mtrr pge mca cmov pat pse36 clflush dts acpi mmx fxsr sse sse2 ss ht tm pbe syscall nx rdtscp lm constant_tsc arch_perfmon pebs bts rep_good nopl xtopology nonstop_tsc aperfmperf eagerfpu pni pclmulqdq dtes64 monitor ds_cpl vmx est tm2 ssse3 cx16 xtpr pdcm pcid sse4_1 sse4_2 x2apic popcnt tsc_deadline_timer aes xsave avx f16c rdrand lahf_lm ida arat epb pln pts dtherm tpr_shadow vnmi flexpriority ept vpid fsgsbase smep erms xsaveopt
bugs		:
bogomips	: 4591.56
clflush size	: 64
cache_alignment	: 64
address sizes	: 36 bits physical, 48 bits virtual
power management:

processor	: 1
vendor_id	: GenuineIntel
cpu family	: 6
model		: 58
model name	: Intel(R) Core(TM) i7-3610QM CPU @ 2.30GHz
stepping	: 9
microcode	: 0x1b
cpu MHz		: 1265.089
cache size	: 6144 KB
physical id	: 0
siblings	: 8
core id		: 0
cpu cores	: 4
apicid		: 1
initial apicid	: 1
fpu		: yes
fpu_exception	: yes
cpuid level	: 13
wp		: yes
flags		: fpu vme de pse tsc msr pae mce cx8 apic sep mtrr pge mca cmov pat pse36 clflush dts acpi mmx fxsr sse sse2 ss ht tm pbe syscall nx rdtscp lm constant_tsc arch_perfmon pebs bts rep_good nopl xtopology nonstop_tsc aperfmperf eagerfpu pni pclmulqdq dtes64 monitor ds_cpl vmx est tm2 ssse3 cx16 xtpr pdcm pcid sse4_1 sse4_2 x2apic popcnt tsc_deadline_timer aes xsave avx f16c rdrand lahf_lm arat epb pln pts dtherm tpr_shadow vnmi flexpriority ept vpid fsgsbase smep erms xsaveopt
bugs		:
bogomips	: 4591.56
clflush size	: 64
cache_alignment	: 64
address sizes	: 36 bits physical, 48 bits virtual
power management:

processor	: 2
vendor_id	: GenuineIntel
cpu family	: 6
model		: 58
model name	: Intel(R) Core(TM) i7-3610QM CPU @ 2.30GHz
stepping	: 9
microcode	: 0x1b
cpu MHz		: 1284.675
cache size	: 6144 KB
physical id	: 0
siblings	: 8
core id		: 1
cpu cores	: 4
apicid		: 2
initial apicid	: 2
fpu		: yes
fpu_exception	: yes
cpuid level	: 13
wp		: yes
flags		: fpu vme de pse tsc msr pae mce cx8 apic sep mtrr pge mca cmov pat pse36 clflush dts acpi mmx fxsr sse sse2 ss ht tm pbe syscall nx rdtscp lm constant_tsc arch_perfmon pebs bts rep_good nopl xtopology nonstop_tsc aperfmperf eagerfpu pni pclmulqdq dtes64 monitor ds_cpl vmx est tm2 ssse3 cx16 xtpr pdcm pcid sse4_1 sse4_2 x2apic popcnt tsc_deadline_timer aes xsave avx f16c rdrand lahf_lm arat epb pln pts dtherm tpr_shadow vnmi flexpriority ept vpid fsgsbase smep erms xsaveopt
bugs		:
bogomips	: 4591.56
clflush size	: 64
cache_alignment	: 64
address sizes	: 36 bits physical, 48 bits virtual
power management:

processor	: 3
vendor_id	: GenuineIntel
cpu family	: 6
model		: 58
model name	: Intel(R) Core(TM) i7-3610QM CPU @ 2.30GHz
stepping	: 9
microcode	: 0x1b
cpu MHz		: 1235.171
cache size	: 6144 KB
physical id	: 0
siblings	: 8
core id		: 1
cpu cores	: 4
apicid		: 3
initial apicid	: 3
fpu		: yes
fpu_exception	: yes
cpuid level	: 13
wp		: yes
flags		: fpu vme de pse tsc msr pae mce cx8 apic sep mtrr pge mca cmov pat pse36 clflush dts acpi mmx fxsr sse sse2 ss ht tm pbe syscall nx rdtscp lm constant_tsc arch_perfmon pebs bts rep_good nopl xtopology nonstop_tsc aperfmperf eagerfpu pni pclmulqdq dtes64 monitor ds_cpl vmx est tm2 ssse3 cx16 xtpr pdcm pcid sse4_1 sse4_2 x2apic popcnt tsc_deadline_timer aes xsave avx f16c rdrand lahf_lm arat epb pln pts dtherm tpr_shadow vnmi flexpriority ept vpid fsgsbase smep erms xsaveopt
bugs		:
bogomips	: 4591.56
clflush size	: 64
cache_alignment	: 64
address sizes	: 36 bits physical, 48 bits virtual
power management:

processor	: 4
vendor_id	: GenuineIntel
cpu family	: 6
model		: 58
model name	: Intel(R) Core(TM) i7-3610QM CPU @ 2.30GHz
stepping	: 9
microcode	: 0x1b
cpu MHz		: 1214.597
cache size	: 6144 KB
physical id	: 0
siblings	: 8
core id		: 2
cpu cores	: 4
apicid		: 4
initial apicid	: 4
fpu		: yes
fpu_exception	: yes
cpuid level	: 13
wp		: yes
flags		: fpu vme de pse tsc msr pae mce cx8 apic sep mtrr pge mca cmov pat pse36 clflush dts acpi mmx fxsr sse sse2 ss ht tm pbe syscall nx rdtscp lm constant_tsc arch_perfmon pebs bts rep_good nopl xtopology nonstop_tsc aperfmperf eagerfpu pni pclmulqdq dtes64 monitor ds_cpl vmx est tm2 ssse3 cx16 xtpr pdcm pcid sse4_1 sse4_2 x2apic popcnt tsc_deadline_timer aes xsave avx f16c rdrand lahf_lm arat epb pln pts dtherm tpr_shadow vnmi flexpriority ept vpid fsgsbase smep erms xsaveopt
bugs		:
bogomips	: 4591.56
clflush size	: 64
cache_alignment	: 64
address sizes	: 36 bits physical, 48 bits virtual
power management:

processor	: 5
vendor_id	: GenuineIntel
cpu family	: 6
model		: 58
model name	: Intel(R) Core(TM) i7-3610QM CPU @ 2.30GHz
stepping	: 9
microcode	: 0x1b
cpu MHz		: 1200.132
cache size	: 6144 KB
physical id	: 0
siblings	: 8
core id		: 2
cpu cores	: 4
apicid		: 5
initial apicid	: 5
fpu		: yes
fpu_exception	: yes
cpuid level	: 13
wp		: yes
flags		: fpu vme de pse tsc msr pae mce cx8 apic sep mtrr pge mca cmov pat pse36 clflush dts acpi mmx fxsr sse sse2 ss ht tm pbe syscall nx rdtscp lm constant_tsc arch_perfmon pebs bts rep_good nopl xtopology nonstop_tsc aperfmperf eagerfpu pni pclmulqdq dtes64 monitor ds_cpl vmx est tm2 ssse3 cx16 xtpr pdcm pcid sse4_1 sse4_2 x2apic popcnt tsc_deadline_timer aes xsave avx f16c rdrand lahf_lm arat epb pln pts dtherm tpr_shadow vnmi flexpriority ept vpid fsgsbase smep erms xsaveopt
bugs		:
bogomips	: 4591.56
clflush size	: 64
cache_alignment	: 64
address sizes	: 36 bits physical, 48 bits virtual
power management:

processor	: 6
vendor_id	: GenuineIntel
cpu family	: 6
model		: 58
model name	: Intel(R) Core(TM) i7-3610QM CPU @ 2.30GHz
stepping	: 9
microcode	: 0x1b
cpu MHz		: 1205.074
cache size	: 6144 KB
physical id	: 0
siblings	: 8
core id		: 3
cpu cores	: 4
apicid		: 6
initial apicid	: 6
fpu		: yes
fpu_exception	: yes
cpuid level	: 13
wp		: yes
flags		: fpu vme de pse tsc msr pae mce cx8 apic sep mtrr pge mca cmov pat pse36 clflush dts acpi mmx fxsr sse sse2 ss ht tm pbe syscall nx rdtscp lm constant_tsc arch_perfmon pebs bts rep_good nopl xtopology nonstop_tsc aperfmperf eagerfpu pni pclmulqdq dtes64 monitor ds_cpl vmx est tm2 ssse3 cx16 xtpr pdcm pcid sse4_1 sse4_2 x2apic popcnt tsc_deadline_timer aes xsave avx f16c rdrand lahf_lm arat epb pln pts dtherm tpr_shadow vnmi flexpriority ept vpid fsgsbase smep erms xsaveopt
bugs		:
bogomips	: 4591.56
clflush size	: 64
cache_alignment	: 64
address sizes	: 36 bits physical, 48 bits virtual
power management:

processor	: 7
vendor_id	: GenuineIntel
cpu family	: 6
model		: 58
model name	: Intel(R) Core(TM) i7-3610QM CPU @ 2.30GHz
stepping	: 9
microcode	: 0x1b
cpu MHz		: 1389.882
cache size	: 6144 KB
physical id	: 0
siblings	: 8
core id		: 3
cpu cores	: 4
apicid		: 7
initial apicid	: 7
fpu		: yes
fpu_exception	: yes
cpuid level	: 13
wp		: yes
flags		: fpu vme de pse tsc msr pae mce cx8 apic sep mtrr pge mca cmov pat pse36 clflush dts acpi mmx fxsr sse sse2 ss ht tm pbe syscall nx rdtscp lm constant_tsc arch_perfmon pebs bts rep_good nopl xtopology nonstop_tsc aperfmperf eagerfpu pni pclmulqdq dtes64 monitor ds_cpl vmx est tm2 ssse3 cx16 xtpr pdcm pcid sse4_1 sse4_2 x2apic popcnt tsc_deadline_timer aes xsave avx f16c rdrand lahf_lm arat epb pln pts dtherm tpr_shadow vnmi flexpriority ept vpid fsgsbase smep erms xsaveopt
bugs		:
bogomips	: 4591.56
clflush size	: 64
cache_alignment	: 64
address sizes	: 36 bits physical, 48 bits virtual
power management:



Memory: 4k page, physical 3948712k(33112k free), swap 0k(0k free)

vm_info: OpenJDK 64-Bit Server VM (25.66-b17) for linux-amd64 JRE (1.8.0_66-b17), built on Nov 18 2015 10:03:43 by "builduser" with gcc 5.2.0

time: Thu Dec  3 03:21:45 2015
elapsed time: 128 seconds (0d 0h 2m 8s)

