#
# There is insufficient memory for the Java Runtime Environment to continue.
# Native memory allocation (mmap) failed to map 146800640 bytes for committing reserved memory.
# Possible reasons:
#   The system is out of physical RAM or swap space
#   In 32 bit mode, the process size limit was hit
# Possible solutions:
#   Reduce memory load on the system
#   Increase physical memory or swap space
#   Check if swap backing store is full
#   Use 64 bit Java on a 64 bit OS
#   Decrease Java heap size (-Xmx/-Xms)
#   Decrease number of Java threads
#   Decrease Java thread stack sizes (-Xss)
#   Set larger code cache with -XX:ReservedCodeCacheSize=
# This output file may be truncated or incomplete.
#
#  Out of Memory Error (os_linux.cpp:2627), pid=9855, tid=140420018292480
#
# JRE version: OpenJDK Runtime Environment (8.0_66-b17) (build 1.8.0_66-b17)
# Java VM: OpenJDK 64-Bit Server VM (25.66-b17 mixed mode linux-amd64 compressed oops)
# Failed to write core dump. Core dumps have been disabled. To enable core dumping, try "ulimit -c unlimited" before starting Java again
#

---------------  T H R E A D  ---------------

Current thread (0x00007fb648080000):  VMThread [stack: 0x00007fb6153f4000,0x00007fb6154f5000] [id=9871]

Stack: [0x00007fb6153f4000,0x00007fb6154f5000],  sp=0x00007fb6154f34c0,  free space=1021k
Native frames: (J=compiled Java code, j=interpreted, Vv=VM code, C=native code)
V  [libjvm.so+0xa57648]
V  [libjvm.so+0x4c252c]
V  [libjvm.so+0x8a8d80]
V  [libjvm.so+0x8a32ae]
V  [libjvm.so+0x91c98b]
V  [libjvm.so+0x91dcd3]
V  [libjvm.so+0x91a39b]
V  [libjvm.so+0x91a64c]
V  [libjvm.so+0x8cd2a3]
V  [libjvm.so+0xa59282]
V  [libjvm.so+0xa5e257]
V  [libjvm.so+0xa5ba9c]
V  [libjvm.so+0xa5ce7f]
V  [libjvm.so+0xa5d371]
V  [libjvm.so+0x8a6292]

VM_Operation (0x00007fb6507bf390): ParallelGCFailedAllocation, mode: safepoint, requested by thread 0x00007fb64800a800


---------------  P R O C E S S  ---------------

Java Threads: ( => current thread )
  0x00007fb6480db800 JavaThread "Service Thread" daemon [_thread_blocked, id=9879, stack(0x00007fb614bec000,0x00007fb614ced000)]
  0x00007fb6480be000 JavaThread "C1 CompilerThread3" daemon [_thread_blocked, id=9878, stack(0x00007fb614ced000,0x00007fb614dee000)]
  0x00007fb6480b9800 JavaThread "C2 CompilerThread2" daemon [_thread_blocked, id=9877, stack(0x00007fb614dee000,0x00007fb614eef000)]
  0x00007fb6480b8000 JavaThread "C2 CompilerThread1" daemon [_thread_blocked, id=9876, stack(0x00007fb614eef000,0x00007fb614ff0000)]
  0x00007fb6480b5000 JavaThread "C2 CompilerThread0" daemon [_thread_blocked, id=9875, stack(0x00007fb614ff0000,0x00007fb6150f1000)]
  0x00007fb6480b3000 JavaThread "Signal Dispatcher" daemon [_thread_blocked, id=9874, stack(0x00007fb6150f1000,0x00007fb6151f2000)]
  0x00007fb648087800 JavaThread "Finalizer" daemon [_thread_blocked, id=9873, stack(0x00007fb6151f2000,0x00007fb6152f3000)]
  0x00007fb648085800 JavaThread "Reference Handler" daemon [_thread_blocked, id=9872, stack(0x00007fb6152f3000,0x00007fb6153f4000)]
  0x00007fb64800a800 JavaThread "main" [_thread_blocked, id=9862, stack(0x00007fb6506c0000,0x00007fb6507c1000)]

Other Threads:
=>0x00007fb648080000 VMThread [stack: 0x00007fb6153f4000,0x00007fb6154f5000] [id=9871]
  0x00007fb6480de000 WatcherThread [stack: 0x00007fb614aeb000,0x00007fb614bec000] [id=9880]

VM state:at safepoint (normal execution)

VM Mutex/Monitor currently owned by a thread:  ([mutex/lock_event])
[0x00007fb6480085a0] Threads_lock - owner thread: 0x00007fb648080000
[0x00007fb648008aa0] Heap_lock - owner thread: 0x00007fb64800a800

Heap:
 PSYoungGen      total 34304K, used 2546K [0x00000000eab00000, 0x00000000ecf00000, 0x0000000100000000)
  eden space 31744K, 0% used [0x00000000eab00000,0x00000000eab00000,0x00000000eca00000)
  from space 2560K, 99% used [0x00000000eca00000,0x00000000ecc7c8e8,0x00000000ecc80000)
  to   space 2560K, 0% used [0x00000000ecc80000,0x00000000ecc80000,0x00000000ecf00000)
 ParOldGen       total 97792K, used 91863K [0x00000000c0000000, 0x00000000c5f80000, 0x00000000eab00000)
  object space 97792K, 93% used [0x00000000c0000000,0x00000000c59b5f40,0x00000000c5f80000)
 Metaspace       used 6812K, capacity 7416K, committed 7680K, reserved 1056768K
  class space    used 639K, capacity 688K, committed 768K, reserved 1048576K

Card table byte_map: [0x00007fb64d7a3000,0x00007fb64d9a4000] byte_map_base: 0x00007fb64d1a3000

Marking Bits: (ParMarkBitMap*) 0x00007fb64f9e1820
 Begin Bits: [0x00007fb616000000, 0x00007fb617000000)
 End Bits:   [0x00007fb617000000, 0x00007fb618000000)

Polling page: 0x00007fb650803000

CodeCache: size=245760Kb used=6210Kb max_used=6224Kb free=239549Kb
 bounds [0x00007fb639000000, 0x00007fb639620000, 0x00007fb648000000]
 total_blobs=2083 nmethods=1801 adapters=197
 compilation: enabled

Compilation events (10 events):
Event: 4.931 Thread 0x00007fb6480b5000 nmethod 1794 0x00007fb639613450 code [0x00007fb639613640, 0x00007fb639613fe8]
Event: 4.931 Thread 0x00007fb6480b5000 1800       4       java.nio.HeapByteBuffer::putInt (20 bytes)
Event: 4.933 Thread 0x00007fb6480b5000 nmethod 1800 0x00007fb639614e90 code [0x00007fb639614fe0, 0x00007fb639615178]
Event: 4.933 Thread 0x00007fb6480b5000 1801       4       java.nio.Buffer::nextPutIndex (38 bytes)
Event: 4.933 Thread 0x00007fb6480b5000 nmethod 1801 0x00007fb639614c10 code [0x00007fb639614d60, 0x00007fb639614df8]
Event: 4.933 Thread 0x00007fb6480b5000 1803   !   4       com.android.dex.Dex$Section::writeStringData (36 bytes)
Event: 4.937 Thread 0x00007fb6480b8000 nmethod 1798 0x00007fb639619710 code [0x00007fb639619940, 0x00007fb63961a6c8]
Event: 4.937 Thread 0x00007fb6480b8000 1804   !   4       com.android.dex.Dex$Section::writeUleb128 (55 bytes)
Event: 4.938 Thread 0x00007fb6480b8000 nmethod 1804 0x00007fb639607e50 code [0x00007fb639607fa0, 0x00007fb639608048]
Event: 4.938 Thread 0x00007fb6480b8000 1805       4       java.nio.HeapByteBuffer::put (54 bytes)

GC Heap History (9 events):
Event: 1.832 GC heap before
{Heap before GC invocations=1 (full 0):
 PSYoungGen      total 18432K, used 15872K [0x00000000eab00000, 0x00000000ebf80000, 0x0000000100000000)
  eden space 15872K, 100% used [0x00000000eab00000,0x00000000eba80000,0x00000000eba80000)
  from space 2560K, 0% used [0x00000000ebd00000,0x00000000ebd00000,0x00000000ebf80000)
  to   space 2560K, 0% used [0x00000000eba80000,0x00000000eba80000,0x00000000ebd00000)
 ParOldGen       total 42496K, used 0K [0x00000000c0000000, 0x00000000c2980000, 0x00000000eab00000)
  object space 42496K, 0% used [0x00000000c0000000,0x00000000c0000000,0x00000000c2980000)
 Metaspace       used 5365K, capacity 6640K, committed 6784K, reserved 1056768K
  class space    used 545K, capacity 616K, committed 640K, reserved 1048576K
Event: 1.839 GC heap after
Heap after GC invocations=1 (full 0):
 PSYoungGen      total 18432K, used 2530K [0x00000000eab00000, 0x00000000ebf80000, 0x0000000100000000)
  eden space 15872K, 0% used [0x00000000eab00000,0x00000000eab00000,0x00000000eba80000)
  from space 2560K, 98% used [0x00000000eba80000,0x00000000ebcf8a60,0x00000000ebd00000)
  to   space 2560K, 0% used [0x00000000ebd00000,0x00000000ebd00000,0x00000000ebf80000)
 ParOldGen       total 42496K, used 2217K [0x00000000c0000000, 0x00000000c2980000, 0x00000000eab00000)
  object space 42496K, 5% used [0x00000000c0000000,0x00000000c022a688,0x00000000c2980000)
 Metaspace       used 5365K, capacity 6640K, committed 6784K, reserved 1056768K
  class space    used 545K, capacity 616K, committed 640K, reserved 1048576K
}
Event: 1.991 GC heap before
{Heap before GC invocations=2 (full 0):
 PSYoungGen      total 18432K, used 18402K [0x00000000eab00000, 0x00000000ebf80000, 0x0000000100000000)
  eden space 15872K, 100% used [0x00000000eab00000,0x00000000eba80000,0x00000000eba80000)
  from space 2560K, 98% used [0x00000000eba80000,0x00000000ebcf8a60,0x00000000ebd00000)
  to   space 2560K, 0% used [0x00000000ebd00000,0x00000000ebd00000,0x00000000ebf80000)
 ParOldGen       total 42496K, used 2217K [0x00000000c0000000, 0x00000000c2980000, 0x00000000eab00000)
  object space 42496K, 5% used [0x00000000c0000000,0x00000000c022a688,0x00000000c2980000)
 Metaspace       used 5615K, capacity 6832K, committed 7040K, reserved 1056768K
  class space    used 548K, capacity 616K, committed 640K, reserved 1048576K
Event: 2.006 GC heap after
Heap after GC invocations=2 (full 0):
 PSYoungGen      total 18432K, used 2543K [0x00000000eab00000, 0x00000000ecf00000, 0x0000000100000000)
  eden space 15872K, 0% used [0x00000000eab00000,0x00000000eab00000,0x00000000eba80000)
  from space 2560K, 99% used [0x00000000ebd00000,0x00000000ebf7be70,0x00000000ebf80000)
  to   space 2560K, 0% used [0x00000000eba80000,0x00000000eba80000,0x00000000ebd00000)
 ParOldGen       total 42496K, used 5697K [0x00000000c0000000, 0x00000000c2980000, 0x00000000eab00000)
  object space 42496K, 13% used [0x00000000c0000000,0x00000000c0590620,0x00000000c2980000)
 Metaspace       used 5615K, capacity 6832K, committed 7040K, reserved 1056768K
  class space    used 548K, capacity 616K, committed 640K, reserved 1048576K
}
Event: 2.271 GC heap before
{Heap before GC invocations=3 (full 0):
 PSYoungGen      total 18432K, used 18360K [0x00000000eab00000, 0x00000000ecf00000, 0x0000000100000000)
  eden space 15872K, 99% used [0x00000000eab00000,0x00000000eba72390,0x00000000eba80000)
  from space 2560K, 99% used [0x00000000ebd00000,0x00000000ebf7be70,0x00000000ebf80000)
  to   space 2560K, 0% used [0x00000000eba80000,0x00000000eba80000,0x00000000ebd00000)
 ParOldGen       total 42496K, used 5697K [0x00000000c0000000, 0x00000000c2980000, 0x00000000eab00000)
  object space 42496K, 13% used [0x00000000c0000000,0x00000000c0590620,0x00000000c2980000)
 Metaspace       used 5859K, capacity 6896K, committed 7040K, reserved 1056768K
  class space    used 562K, capacity 616K, committed 640K, reserved 1048576K
Event: 2.277 GC heap after
Heap after GC invocations=3 (full 0):
 PSYoungGen      total 18432K, used 2552K [0x00000000eab00000, 0x00000000ecf00000, 0x0000000100000000)
  eden space 15872K, 0% used [0x00000000eab00000,0x00000000eab00000,0x00000000eba80000)
  from space 2560K, 99% used [0x00000000eba80000,0x00000000ebcfe1b8,0x00000000ebd00000)
  to   space 2560K, 0% used [0x00000000ecc80000,0x00000000ecc80000,0x00000000ecf00000)
 ParOldGen       total 42496K, used 9841K [0x00000000c0000000, 0x00000000c2980000, 0x00000000eab00000)
  object space 42496K, 23% used [0x00000000c0000000,0x00000000c099c640,0x00000000c2980000)
 Metaspace       used 5859K, capacity 6896K, committed 7040K, reserved 1056768K
  class space    used 562K, capacity 616K, committed 640K, reserved 1048576K
}
Event: 2.524 GC heap before
{Heap before GC invocations=4 (full 0):
 PSYoungGen      total 18432K, used 18424K [0x00000000eab00000, 0x00000000ecf00000, 0x0000000100000000)
  eden space 15872K, 100% used [0x00000000eab00000,0x00000000eba80000,0x00000000eba80000)
  from space 2560K, 99% used [0x00000000eba80000,0x00000000ebcfe1b8,0x00000000ebd00000)
  to   space 2560K, 0% used [0x00000000ecc80000,0x00000000ecc80000,0x00000000ecf00000)
 ParOldGen       total 42496K, used 9841K [0x00000000c0000000, 0x00000000c2980000, 0x00000000eab00000)
  object space 42496K, 23% used [0x00000000c0000000,0x00000000c099c640,0x00000000c2980000)
 Metaspace       used 5889K, capacity 6896K, committed 7040K, reserved 1056768K
  class space    used 562K, capacity 616K, committed 640K, reserved 1048576K
Event: 2.538 GC heap after
Heap after GC invocations=4 (full 0):
 PSYoungGen      total 34304K, used 2558K [0x00000000eab00000, 0x00000000ecf00000, 0x0000000100000000)
  eden space 31744K, 0% used [0x00000000eab00000,0x00000000eab00000,0x00000000eca00000)
  from space 2560K, 99% used [0x00000000ecc80000,0x00000000eceff9f8,0x00000000ecf00000)
  to   space 2560K, 0% used [0x00000000eca00000,0x00000000eca00000,0x00000000ecc80000)
 ParOldGen       total 42496K, used 14095K [0x00000000c0000000, 0x00000000c2980000, 0x00000000eab00000)
  object space 42496K, 33% used [0x00000000c0000000,0x00000000c0dc3f38,0x00000000c2980000)
 Metaspace       used 5889K, capacity 6896K, committed 7040K, reserved 1056768K
  class space    used 562K, capacity 616K, committed 640K, reserved 1048576K
}
Event: 4.938 GC heap before
{Heap before GC invocations=5 (full 0):
 PSYoungGen      total 34304K, used 34302K [0x00000000eab00000, 0x00000000ecf00000, 0x0000000100000000)
  eden space 31744K, 100% used [0x00000000eab00000,0x00000000eca00000,0x00000000eca00000)
  from space 2560K, 99% used [0x00000000ecc80000,0x00000000eceff9f8,0x00000000ecf00000)
  to   space 2560K, 0% used [0x00000000eca00000,0x00000000eca00000,0x00000000ecc80000)
 ParOldGen       total 42496K, used 14095K [0x00000000c0000000, 0x00000000c2980000, 0x00000000eab00000)
  object space 42496K, 33% used [0x00000000c0000000,0x00000000c0dc3f38,0x00000000c2980000)
 Metaspace       used 6812K, capacity 7416K, committed 7680K, reserved 1056768K
  class space    used 639K, capacity 688K, committed 768K, reserved 1048576K

Deoptimization events (10 events):
Event: 2.815 Thread 0x00007fb64800a800 Uncommon trap: reason=unstable_if action=reinterpret pc=0x00007fb639559638 method=com.android.dx.util.ByteArrayAnnotatedOutput.writeByte(I)V @ 13
Event: 2.834 Thread 0x00007fb64800a800 Uncommon trap: reason=speculate_class_check action=maybe_recompile pc=0x00007fb63958c7f0 method=com.android.dx.dex.file.MemberIdItem.writeTo(Lcom/android/dx/dex/file/DexFile;Lcom/android/dx/util/AnnotatedOutput;)V @ 44
Event: 2.834 Thread 0x00007fb64800a800 Uncommon trap: reason=speculate_class_check action=maybe_recompile pc=0x00007fb63958c7f0 method=com.android.dx.dex.file.MemberIdItem.writeTo(Lcom/android/dx/dex/file/DexFile;Lcom/android/dx/util/AnnotatedOutput;)V @ 44
Event: 2.834 Thread 0x00007fb64800a800 Uncommon trap: reason=speculate_class_check action=maybe_recompile pc=0x00007fb63958c7f0 method=com.android.dx.dex.file.MemberIdItem.writeTo(Lcom/android/dx/dex/file/DexFile;Lcom/android/dx/util/AnnotatedOutput;)V @ 44
Event: 2.834 Thread 0x00007fb64800a800 Uncommon trap: reason=speculate_class_check action=maybe_recompile pc=0x00007fb63958c7f0 method=com.android.dx.dex.file.MemberIdItem.writeTo(Lcom/android/dx/dex/file/DexFile;Lcom/android/dx/util/AnnotatedOutput;)V @ 44
Event: 2.843 Thread 0x00007fb64800a800 Uncommon trap: reason=unstable_if action=reinterpret pc=0x00007fb63957871c method=com.android.dx.util.ByteArrayAnnotatedOutput.writeUleb128(I)I @ 4
Event: 2.843 Thread 0x00007fb64800a800 Uncommon trap: reason=unstable_if action=reinterpret pc=0x00007fb639579954 method=com.android.dx.util.ByteArrayAnnotatedOutput.writeByte(I)V @ 13
Event: 2.948 Thread 0x00007fb64800a800 Uncommon trap: reason=unstable_if action=reinterpret pc=0x00007fb63933d424 method=java.util.Arrays.copyOf([Ljava/lang/Object;ILjava/lang/Class;)[Ljava/lang/Object; @ 3
Event: 2.994 Thread 0x00007fb64800a800 Uncommon trap: reason=unstable_if action=reinterpret pc=0x00007fb6391dc584 method=java.lang.String.replace(CC)Ljava/lang/String; @ 2
Event: 3.289 Thread 0x00007fb64800a800 Uncommon trap: reason=unstable_if action=reinterpret pc=0x00007fb639271514 method=java.lang.String.<init>([CII)V @ 18

Internal exceptions (2 events):
Event: 0.599 Thread 0x00007fb64800a800 Exception <a 'java/lang/NoSuchMethodError': Method sun.misc.Unsafe.defineClass(Ljava/lang/String;[BII)Ljava/lang/Class; name or signature does not match> (0x00000000eab12ba8) thrown at [/build/java8-openjdk/src/jdk8u-jdk8u66-b17/hotspot/src/share/vm/prims
Event: 0.599 Thread 0x00007fb64800a800 Exception <a 'java/lang/NoSuchMethodError': Method sun.misc.Unsafe.prefetchRead(Ljava/lang/Object;J)V name or signature does not match> (0x00000000eab12e90) thrown at [/build/java8-openjdk/src/jdk8u-jdk8u66-b17/hotspot/src/share/vm/prims/jni.cpp, line 398

Events (10 events):
Event: 3.277 loading class com/android/dex/Mutf8
Event: 3.277 loading class com/android/dex/Mutf8 done
Event: 3.289 Thread 0x00007fb64800a800 Uncommon trap: trap_request=0xffffff65 fr.pc=0x00007fb639271514
Event: 3.289 Thread 0x00007fb64800a800 DEOPT PACKING pc=0x00007fb639271514 sp=0x00007fb6507bf300
Event: 3.289 Thread 0x00007fb64800a800 DEOPT UNPACKING pc=0x00007fb639004f69 sp=0x00007fb6507bf2e8 mode 2
Event: 3.290 loading class java/util/AbstractMap$SimpleImmutableEntry
Event: 3.318 loading class java/util/AbstractMap$SimpleImmutableEntry done
Event: 4.886 Executing VM operation: EnableBiasedLocking
Event: 4.886 Executing VM operation: EnableBiasedLocking done
Event: 4.938 Executing VM operation: ParallelGCFailedAllocation


Dynamic libraries:
00400000-00401000 r-xp 00000000 08:05 11549069                           /usr/lib/jvm/java-8-openjdk/jre/bin/java
00600000-00601000 rw-p 00000000 08:05 11549069                           /usr/lib/jvm/java-8-openjdk/jre/bin/java
00c99000-00cba000 rw-p 00000000 00:00 0                                  [heap]
c0000000-c5f80000 rw-p 00000000 00:00 0 
c5f80000-eab00000 ---p 00000000 00:00 0 
eab00000-ecf00000 rw-p 00000000 00:00 0 
f5b00000-100000000 ---p 00000000 00:00 0 
100000000-1000c0000 rw-p 00000000 00:00 0 
1000c0000-140000000 ---p 00000000 00:00 0 
7fb5d8000000-7fb5d8024000 rw-p 00000000 00:00 0 
7fb5d8024000-7fb5dc000000 ---p 00000000 00:00 0 
7fb5dc000000-7fb5dc021000 rw-p 00000000 00:00 0 
7fb5dc021000-7fb5e0000000 ---p 00000000 00:00 0 
7fb5e0000000-7fb5e0021000 rw-p 00000000 00:00 0 
7fb5e0021000-7fb5e4000000 ---p 00000000 00:00 0 
7fb5e4000000-7fb5e4021000 rw-p 00000000 00:00 0 
7fb5e4021000-7fb5e8000000 ---p 00000000 00:00 0 
7fb5e8000000-7fb5e8021000 rw-p 00000000 00:00 0 
7fb5e8021000-7fb5ec000000 ---p 00000000 00:00 0 
7fb5ec000000-7fb5ec03b000 rw-p 00000000 00:00 0 
7fb5ec03b000-7fb5f0000000 ---p 00000000 00:00 0 
7fb5f0000000-7fb5f054a000 rw-p 00000000 00:00 0 
7fb5f054a000-7fb5f4000000 ---p 00000000 00:00 0 
7fb5f4000000-7fb5f4021000 rw-p 00000000 00:00 0 
7fb5f4021000-7fb5f8000000 ---p 00000000 00:00 0 
7fb5f8000000-7fb5f859f000 rw-p 00000000 00:00 0 
7fb5f859f000-7fb5fc000000 ---p 00000000 00:00 0 
7fb5fc000000-7fb5fc485000 rw-p 00000000 00:00 0 
7fb5fc485000-7fb600000000 ---p 00000000 00:00 0 
7fb600000000-7fb600021000 rw-p 00000000 00:00 0 
7fb600021000-7fb604000000 ---p 00000000 00:00 0 
7fb604000000-7fb604985000 rw-p 00000000 00:00 0 
7fb604985000-7fb608000000 ---p 00000000 00:00 0 
7fb608000000-7fb608021000 rw-p 00000000 00:00 0 
7fb608021000-7fb60c000000 ---p 00000000 00:00 0 
7fb60c000000-7fb60c021000 rw-p 00000000 00:00 0 
7fb60c021000-7fb610000000 ---p 00000000 00:00 0 
7fb610000000-7fb610021000 rw-p 00000000 00:00 0 
7fb610021000-7fb614000000 ---p 00000000 00:00 0 
7fb6145e6000-7fb6145e9000 ---p 00000000 00:00 0 
7fb6145e9000-7fb6146e7000 rw-p 00000000 00:00 0 
7fb6146e7000-7fb6146ea000 ---p 00000000 00:00 0 
7fb6146ea000-7fb6147e8000 rw-p 00000000 00:00 0 
7fb6147e8000-7fb6147eb000 ---p 00000000 00:00 0 
7fb6147eb000-7fb6148e9000 rw-p 00000000 00:00 0 
7fb6148e9000-7fb6148ec000 ---p 00000000 00:00 0 
7fb6148ec000-7fb6149ea000 rw-p 00000000 00:00 0 
7fb6149ea000-7fb6149ed000 ---p 00000000 00:00 0 
7fb6149ed000-7fb614aeb000 rw-p 00000000 00:00 0 
7fb614aeb000-7fb614aec000 ---p 00000000 00:00 0 
7fb614aec000-7fb614bec000 rw-p 00000000 00:00 0                          [stack:9880]
7fb614bec000-7fb614bef000 ---p 00000000 00:00 0 
7fb614bef000-7fb614ced000 rw-p 00000000 00:00 0                          [stack:9879]
7fb614ced000-7fb614cf0000 ---p 00000000 00:00 0 
7fb614cf0000-7fb614dee000 rw-p 00000000 00:00 0                          [stack:9878]
7fb614dee000-7fb614df1000 ---p 00000000 00:00 0 
7fb614df1000-7fb614eef000 rw-p 00000000 00:00 0                          [stack:9877]
7fb614eef000-7fb614ef2000 ---p 00000000 00:00 0 
7fb614ef2000-7fb614ff0000 rw-p 00000000 00:00 0                          [stack:9876]
7fb614ff0000-7fb614ff3000 ---p 00000000 00:00 0 
7fb614ff3000-7fb6150f1000 rw-p 00000000 00:00 0                          [stack:9875]
7fb6150f1000-7fb6150f4000 ---p 00000000 00:00 0 
7fb6150f4000-7fb6151f2000 rw-p 00000000 00:00 0                          [stack:9874]
7fb6151f2000-7fb6151f5000 ---p 00000000 00:00 0 
7fb6151f5000-7fb6152f3000 rw-p 00000000 00:00 0                          [stack:9873]
7fb6152f3000-7fb6152f6000 ---p 00000000 00:00 0 
7fb6152f6000-7fb6153f4000 rw-p 00000000 00:00 0                          [stack:9872]
7fb6153f4000-7fb6153f5000 ---p 00000000 00:00 0 
7fb6153f5000-7fb618000000 rw-p 00000000 00:00 0                          [stack:9871]
7fb618000000-7fb618021000 rw-p 00000000 00:00 0 
7fb618021000-7fb61c000000 ---p 00000000 00:00 0 
7fb61c000000-7fb61c021000 rw-p 00000000 00:00 0 
7fb61c021000-7fb620000000 ---p 00000000 00:00 0 
7fb620000000-7fb620021000 rw-p 00000000 00:00 0 
7fb620021000-7fb624000000 ---p 00000000 00:00 0 
7fb624000000-7fb624021000 rw-p 00000000 00:00 0 
7fb624021000-7fb628000000 ---p 00000000 00:00 0 
7fb628000000-7fb628021000 rw-p 00000000 00:00 0 
7fb628021000-7fb62c000000 ---p 00000000 00:00 0 
7fb62c000000-7fb62c021000 rw-p 00000000 00:00 0 
7fb62c021000-7fb630000000 ---p 00000000 00:00 0 
7fb630000000-7fb630021000 rw-p 00000000 00:00 0 
7fb630021000-7fb634000000 ---p 00000000 00:00 0 
7fb634000000-7fb634021000 rw-p 00000000 00:00 0 
7fb634021000-7fb638000000 ---p 00000000 00:00 0 
7fb6380af000-7fb639000000 rw-p 00000000 00:00 0 
7fb639000000-7fb639620000 rwxp 00000000 00:00 0 
7fb639620000-7fb648000000 ---p 00000000 00:00 0 
7fb648000000-7fb6481be000 rw-p 00000000 00:00 0 
7fb6481be000-7fb64c000000 ---p 00000000 00:00 0 
7fb64c00f000-7fb64c202000 rw-p 00000000 00:00 0 
7fb64c202000-7fb64c3cf000 r--s 03be8000 08:05 11672578                   /usr/lib/jvm/java-8-openjdk/jre/lib/rt.jar
7fb64c3cf000-7fb64cb05000 rw-p 00000000 00:00 0 
7fb64cb05000-7fb64cc45000 ---p 00000000 00:00 0 
7fb64cc45000-7fb64ce45000 rw-p 00000000 00:00 0 
7fb64ce45000-7fb64ce46000 ---p 00000000 00:00 0 
7fb64ce46000-7fb64cf46000 rw-p 00000000 00:00 0                          [stack:9870]
7fb64cf46000-7fb64cf47000 ---p 00000000 00:00 0 
7fb64cf47000-7fb64d047000 rw-p 00000000 00:00 0                          [stack:9869]
7fb64d047000-7fb64d048000 ---p 00000000 00:00 0 
7fb64d048000-7fb64d148000 rw-p 00000000 00:00 0                          [stack:9868]
7fb64d148000-7fb64d149000 ---p 00000000 00:00 0 
7fb64d149000-7fb64d249000 rw-p 00000000 00:00 0                          [stack:9867]
7fb64d249000-7fb64d24a000 ---p 00000000 00:00 0 
7fb64d24a000-7fb64d34a000 rw-p 00000000 00:00 0                          [stack:9866]
7fb64d34a000-7fb64d34b000 ---p 00000000 00:00 0 
7fb64d34b000-7fb64d44b000 rw-p 00000000 00:00 0                          [stack:9865]
7fb64d44b000-7fb64d44c000 ---p 00000000 00:00 0 
7fb64d44c000-7fb64d54c000 rw-p 00000000 00:00 0                          [stack:9864]
7fb64d54c000-7fb64d54d000 ---p 00000000 00:00 0 
7fb64d54d000-7fb64d67d000 rw-p 00000000 00:00 0                          [stack:9863]
7fb64d67d000-7fb64d7a3000 ---p 00000000 00:00 0 
7fb64d7a3000-7fb64d7d3000 rw-p 00000000 00:00 0 
7fb64d7d3000-7fb64d8f8000 ---p 00000000 00:00 0 
7fb64d8f8000-7fb64d90b000 rw-p 00000000 00:00 0 
7fb64d90b000-7fb64d9a3000 ---p 00000000 00:00 0 
7fb64d9a3000-7fb64d9bd000 rw-p 00000000 00:00 0 
7fb64d9bd000-7fb64dd64000 ---p 00000000 00:00 0 
7fb64dd64000-7fb64dd6c000 r-xp 00000000 08:05 11801229                   /usr/lib/jvm/java-8-openjdk/jre/lib/amd64/libzip.so
7fb64dd6c000-7fb64df6b000 ---p 00008000 08:05 11801229                   /usr/lib/jvm/java-8-openjdk/jre/lib/amd64/libzip.so
7fb64df6b000-7fb64df6c000 rw-p 00007000 08:05 11801229                   /usr/lib/jvm/java-8-openjdk/jre/lib/amd64/libzip.so
7fb64df6c000-7fb64df77000 r-xp 00000000 08:05 9178287                    /usr/lib/libnss_files-2.22.so
7fb64df77000-7fb64e176000 ---p 0000b000 08:05 9178287                    /usr/lib/libnss_files-2.22.so
7fb64e176000-7fb64e177000 r--p 0000a000 08:05 9178287                    /usr/lib/libnss_files-2.22.so
7fb64e177000-7fb64e178000 rw-p 0000b000 08:05 9178287                    /usr/lib/libnss_files-2.22.so
7fb64e178000-7fb64e17e000 rw-p 00000000 00:00 0 
7fb64e17e000-7fb64e1aa000 r-xp 00000000 08:05 11801221                   /usr/lib/jvm/java-8-openjdk/jre/lib/amd64/libjava.so
7fb64e1aa000-7fb64e3aa000 ---p 0002c000 08:05 11801221                   /usr/lib/jvm/java-8-openjdk/jre/lib/amd64/libjava.so
7fb64e3aa000-7fb64e3ac000 rw-p 0002c000 08:05 11801221                   /usr/lib/jvm/java-8-openjdk/jre/lib/amd64/libjava.so
7fb64e3ac000-7fb64e3b9000 r-xp 00000000 08:05 11801218                   /usr/lib/jvm/java-8-openjdk/jre/lib/amd64/libverify.so
7fb64e3b9000-7fb64e5b8000 ---p 0000d000 08:05 11801218                   /usr/lib/jvm/java-8-openjdk/jre/lib/amd64/libverify.so
7fb64e5b8000-7fb64e5ba000 rw-p 0000c000 08:05 11801218                   /usr/lib/jvm/java-8-openjdk/jre/lib/amd64/libverify.so
7fb64e5ba000-7fb64e5c1000 r-xp 00000000 08:05 9178295                    /usr/lib/librt-2.22.so
7fb64e5c1000-7fb64e7c0000 ---p 00007000 08:05 9178295                    /usr/lib/librt-2.22.so
7fb64e7c0000-7fb64e7c1000 r--p 00006000 08:05 9178295                    /usr/lib/librt-2.22.so
7fb64e7c1000-7fb64e7c2000 rw-p 00007000 08:05 9178295                    /usr/lib/librt-2.22.so
7fb64e7c2000-7fb64e8bf000 r-xp 00000000 08:05 9178292                    /usr/lib/libm-2.22.so
7fb64e8bf000-7fb64eabe000 ---p 000fd000 08:05 9178292                    /usr/lib/libm-2.22.so
7fb64eabe000-7fb64eabf000 r--p 000fc000 08:05 9178292                    /usr/lib/libm-2.22.so
7fb64eabf000-7fb64eac0000 rw-p 000fd000 08:05 9178292                    /usr/lib/libm-2.22.so
7fb64eac0000-7fb64f713000 r-xp 00000000 08:05 12451867                   /usr/lib/jvm/java-8-openjdk/jre/lib/amd64/server/libjvm.so
7fb64f713000-7fb64f912000 ---p 00c53000 08:05 12451867                   /usr/lib/jvm/java-8-openjdk/jre/lib/amd64/server/libjvm.so
7fb64f912000-7fb64f9ce000 rw-p 00c52000 08:05 12451867                   /usr/lib/jvm/java-8-openjdk/jre/lib/amd64/server/libjvm.so
7fb64f9ce000-7fb64f9fc000 rw-p 00000000 00:00 0 
7fb64f9fc000-7fb64fb97000 r-xp 00000000 08:05 9178242                    /usr/lib/libc-2.22.so
7fb64fb97000-7fb64fd96000 ---p 0019b000 08:05 9178242                    /usr/lib/libc-2.22.so
7fb64fd96000-7fb64fd9a000 r--p 0019a000 08:05 9178242                    /usr/lib/libc-2.22.so
7fb64fd9a000-7fb64fd9c000 rw-p 0019e000 08:05 9178242                    /usr/lib/libc-2.22.so
7fb64fd9c000-7fb64fda0000 rw-p 00000000 00:00 0 
7fb64fda0000-7fb64fda3000 r-xp 00000000 08:05 9178291                    /usr/lib/libdl-2.22.so
7fb64fda3000-7fb64ffa2000 ---p 00003000 08:05 9178291                    /usr/lib/libdl-2.22.so
7fb64ffa2000-7fb64ffa3000 r--p 00002000 08:05 9178291                    /usr/lib/libdl-2.22.so
7fb64ffa3000-7fb64ffa4000 rw-p 00003000 08:05 9178291                    /usr/lib/libdl-2.22.so
7fb64ffa4000-7fb64ffb1000 r-xp 00000000 08:05 12451864                   /usr/lib/jvm/java-8-openjdk/jre/lib/amd64/jli/libjli.so
7fb64ffb1000-7fb6501b0000 ---p 0000d000 08:05 12451864                   /usr/lib/jvm/java-8-openjdk/jre/lib/amd64/jli/libjli.so
7fb6501b0000-7fb6501b1000 rw-p 0000c000 08:05 12451864                   /usr/lib/jvm/java-8-openjdk/jre/lib/amd64/jli/libjli.so
7fb6501b1000-7fb6501c6000 r-xp 00000000 08:05 9181547                    /usr/lib/libz.so.1.2.8
7fb6501c6000-7fb6503c5000 ---p 00015000 08:05 9181547                    /usr/lib/libz.so.1.2.8
7fb6503c5000-7fb6503c6000 r--p 00014000 08:05 9181547                    /usr/lib/libz.so.1.2.8
7fb6503c6000-7fb6503c7000 rw-p 00015000 08:05 9181547                    /usr/lib/libz.so.1.2.8
7fb6503c7000-7fb6503df000 r-xp 00000000 08:05 9178223                    /usr/lib/libpthread-2.22.so
7fb6503df000-7fb6505de000 ---p 00018000 08:05 9178223                    /usr/lib/libpthread-2.22.so
7fb6505de000-7fb6505df000 r--p 00017000 08:05 9178223                    /usr/lib/libpthread-2.22.so
7fb6505df000-7fb6505e0000 rw-p 00018000 08:05 9178223                    /usr/lib/libpthread-2.22.so
7fb6505e0000-7fb6505e4000 rw-p 00000000 00:00 0 
7fb6505e4000-7fb650606000 r-xp 00000000 08:05 9178241                    /usr/lib/ld-2.22.so
7fb650607000-7fb650608000 rw-p 00000000 00:00 0 
7fb650608000-7fb65060d000 r--s 00096000 08:05 11672577                   /usr/lib/jvm/java-8-openjdk/jre/lib/jsse.jar
7fb65060d000-7fb65061c000 r--s 000df000 08:05 2886850                    /opt/android-sdk/build-tools/23.0.2/lib/dx.jar
7fb65061c000-7fb6506c0000 rw-p 00000000 00:00 0 
7fb6506c0000-7fb6506c3000 ---p 00000000 00:00 0 
7fb6506c3000-7fb6507e6000 rw-p 00000000 00:00 0                          [stack:9862]
7fb6507e6000-7fb6507fa000 rw-p 00000000 00:00 0 
7fb6507fa000-7fb650802000 rw-s 00000000 00:21 104484                     /tmp/hsperfdata_axzanaeb/9855
7fb650802000-7fb650803000 rw-p 00000000 00:00 0 
7fb650803000-7fb650804000 ---p 00000000 00:00 0 
7fb650804000-7fb650805000 rw-p 00000000 00:00 0 
7fb650805000-7fb650806000 r--p 00021000 08:05 9178241                    /usr/lib/ld-2.22.so
7fb650806000-7fb650807000 rw-p 00022000 08:05 9178241                    /usr/lib/ld-2.22.so
7fb650807000-7fb650808000 rw-p 00000000 00:00 0 
7ffc7facf000-7ffc7faf1000 rw-p 00000000 00:00 0                          [stack]
7ffc7fbbf000-7ffc7fbc1000 r--p 00000000 00:00 0                          [vvar]
7ffc7fbc1000-7ffc7fbc3000 r-xp 00000000 00:00 0                          [vdso]
ffffffffff600000-ffffffffff601000 r-xp 00000000 00:00 0                  [vsyscall]

VM Arguments:
jvm_args: -Xmx1024M -Dfile.encoding=US-ASCII -Duser.country=US -Duser.language=en -Duser.variant 
java_command: com.android.dx.command.Main --dex --num-threads=4 --output /home/axzanaeb/AndroidStudioProjects/HelloWorld/app/build/intermediates/dex/debug /home/axzanaeb/AndroidStudioProjects/HelloWorld/app/build/intermediates/classes/debug /home/axzanaeb/AndroidStudioProjects/HelloWorld/app/build/intermediates/pre-dexed/debug/support-annotations-23.1.1-a191f39ca41bd9735f8d3a9cc6638ec5404adeab.jar /home/axzanaeb/AndroidStudioProjects/HelloWorld/app/build/intermediates/pre-dexed/debug/classes-453b73e5afd8a6fe3e77e9e2c389e169e8ceb018.jar /home/axzanaeb/AndroidStudioProjects/HelloWorld/app/build/intermediates/pre-dexed/debug/internal_impl-22.2.0-9560efefe1c2581465cebc11c09cd2d1f0402a5d.jar /home/axzanaeb/AndroidStudioProjects/HelloWorld/app/build/intermediates/pre-dexed/debug/classes-a2501f7b3fd9669ee2fdc8cdf0e650ce33214ec2.jar /home/axzanaeb/AndroidStudioProjects/HelloWorld/app/build/intermediates/pre-dexed/debug/classes-abb22c070011f5a26cb2d977b0aa05229f6ac96c.jar /home/axzanaeb/AndroidStudioProjects/HelloWorld/app/build/intermediates/pre-dexed/debug/classes-4eaef758c01571c36b5850456f5498a35e39adfa.jar /home/axzanaeb/AndroidStudioProjects/HelloWorld/app/build/intermediates/pre-dexed/debug/classes-066371a48ea9054ffceb34c4e55e0d0d217ac3fa.jar /home/axzanaeb/AndroidStudioProjects/HelloWorld/app/build/intermediates/pre-dexed/debug/classes-1fbcff7e18326362e31b1ab7f6f7da6922192992.jar /home/axzanaeb/AndroidStudioProjects/HelloWorld/app/build/intermediates/pre-dexed/debug/classes-409380daa0d90fc46b0a448cfb91f2a99103d7ac.jar /home/axzanaeb/AndroidStudioProjects/HelloWorld/app/build/intermediates/pre-dexed/debug/classes-5ff107b9a4fdbaf1e301632ffe9af1304ae62eeb.jar /home/axzanaeb/AndroidStudioProjects/HelloWorld/app/build/intermediates/pre-dexed/debug/classes-e5853621c4db180fe6c7e195cdcc62082fc44a94.jar /home/axzanaeb/AndroidStudioProjects/HelloWorld/app/build/intermediates/pre-dexed/debug/classes-bf90549bf0b6c4eea77a34f927dcbe7fbf5f65bf.jar /home/axzanaeb/AndroidStudioProje
java_class_path (initial): /opt/android-sdk/build-tools/23.0.2/lib/dx.jar
Launcher Type: SUN_STANDARD

Environment Variables:
PATH=/usr/local/sbin:/usr/local/bin:/usr/bin:/opt/android-sdk/platform-tools:/opt/android-sdk/tools:/usr/lib/jvm/default/bin:/usr/bin/site_perl:/usr/bin/vendor_perl:/usr/bin/core_perl:/home/axzanaeb/.rvm/bin
LD_LIBRARY_PATH=/opt/android-studio/bin:
SHELL=/bin/bash
DISPLAY=:0

Signal Handlers:
SIGSEGV: [libjvm.so+0xa58190], sa_mask[0]=11111111011111111101111111111110, sa_flags=SA_RESTART|SA_SIGINFO
SIGBUS: [libjvm.so+0xa58190], sa_mask[0]=11111111011111111101111111111110, sa_flags=SA_RESTART|SA_SIGINFO
SIGFPE: [libjvm.so+0x8a4420], sa_mask[0]=11111111011111111101111111111110, sa_flags=SA_RESTART|SA_SIGINFO
SIGPIPE: [libjvm.so+0x8a4420], sa_mask[0]=11111111011111111101111111111110, sa_flags=SA_RESTART|SA_SIGINFO
SIGXFSZ: [libjvm.so+0x8a4420], sa_mask[0]=11111111011111111101111111111110, sa_flags=SA_RESTART|SA_SIGINFO
SIGILL: [libjvm.so+0x8a4420], sa_mask[0]=11111111011111111101111111111110, sa_flags=SA_RESTART|SA_SIGINFO
SIGUSR1: SIG_DFL, sa_mask[0]=00000000000000000000000000000000, sa_flags=none
SIGUSR2: [libjvm.so+0x8a42d0], sa_mask[0]=00100000000000000000000000000000, sa_flags=SA_RESTART|SA_SIGINFO
SIGHUP: [libjvm.so+0x8a47a0], sa_mask[0]=11111111011111111101111111111110, sa_flags=SA_RESTART|SA_SIGINFO
SIGINT: [libjvm.so+0x8a47a0], sa_mask[0]=11111111011111111101111111111110, sa_flags=SA_RESTART|SA_SIGINFO
SIGTERM: [libjvm.so+0x8a47a0], sa_mask[0]=11111111011111111101111111111110, sa_flags=SA_RESTART|SA_SIGINFO
SIGQUIT: [libjvm.so+0x8a47a0], sa_mask[0]=11111111011111111101111111111110, sa_flags=SA_RESTART|SA_SIGINFO


---------------  S Y S T E M  ---------------

OS:NAME="Arch Linux"
ID=arch
PRETTY_NAME="Arch Linux"
ANSI_COLOR="0;36"
HOME_URL="https://www.archlinux.org/"
SUPPORT_URL="https://bbs.archlinux.org/"
BUG_REPORT_URL="https://bugs.archlinux.org/"


uname:Linux 4.2.5-1-ARCH #1 SMP PREEMPT Tue Oct 27 08:13:28 CET 2015 x86_64
libc:glibc 2.22 NPTL 2.22 
rlimit: STACK 8192k, CORE 0k, NPROC 15400, NOFILE 4096, AS infinity
load average:1.15 1.10 1.15

/proc/meminfo:
MemTotal:        3948712 kB
MemFree:           36908 kB
MemAvailable:     112028 kB
Buffers:            1768 kB
Cached:           303688 kB
SwapCached:            0 kB
Active:          3502080 kB
Inactive:         230328 kB
Active(anon):    3468500 kB
Inactive(anon):   196788 kB
Active(file):      33580 kB
Inactive(file):    33540 kB
Unevictable:           0 kB
Mlocked:               0 kB
SwapTotal:             0 kB
SwapFree:              0 kB
Dirty:                 0 kB
Writeback:          3744 kB
AnonPages:       3427600 kB
Mapped:           164192 kB
Shmem:            237720 kB
Slab:              76444 kB
SReclaimable:      37352 kB
SUnreclaim:        39092 kB
KernelStack:       10672 kB
PageTables:        40120 kB
NFS_Unstable:          0 kB
Bounce:                0 kB
WritebackTmp:          0 kB
CommitLimit:     1974356 kB
Committed_AS:    7544220 kB
VmallocTotal:   34359738367 kB
VmallocUsed:      557088 kB
VmallocChunk:   34358423548 kB
HardwareCorrupted:     0 kB
AnonHugePages:   1603584 kB
HugePages_Total:       0
HugePages_Free:        0
HugePages_Rsvd:        0
HugePages_Surp:        0
Hugepagesize:       2048 kB
DirectMap4k:      139004 kB
DirectMap2M:     3952640 kB


CPU:total 8 (4 cores per cpu, 2 threads per core) family 6 model 58 stepping 9, cmov, cx8, fxsr, mmx, sse, sse2, sse3, ssse3, sse4.1, sse4.2, popcnt, avx, aes, clmul, erms, ht, tsc, tscinvbit, tscinv

/proc/cpuinfo:
processor	: 0
vendor_id	: GenuineIntel
cpu family	: 6
model		: 58
model name	: Intel(R) Core(TM) i7-3610QM CPU @ 2.30GHz
stepping	: 9
microcode	: 0x1b
cpu MHz		: 3114.972
cache size	: 6144 KB
physical id	: 0
siblings	: 8
core id		: 0
cpu cores	: 4
apicid		: 0
initial apicid	: 0
fpu		: yes
fpu_exception	: yes
cpuid level	: 13
wp		: yes
flags		: fpu vme de pse tsc msr pae mce cx8 apic sep mtrr pge mca cmov pat pse36 clflush dts acpi mmx fxsr sse sse2 ss ht tm pbe syscall nx rdtscp lm constant_tsc arch_perfmon pebs bts rep_good nopl xtopology nonstop_tsc aperfmperf eagerfpu pni pclmulqdq dtes64 monitor ds_cpl vmx est tm2 ssse3 cx16 xtpr pdcm pcid sse4_1 sse4_2 x2apic popcnt tsc_deadline_timer aes xsave avx f16c rdrand lahf_lm ida arat epb pln pts dtherm tpr_shadow vnmi flexpriority ept vpid fsgsbase smep erms xsaveopt
bugs		:
bogomips	: 4591.58
clflush size	: 64
cache_alignment	: 64
address sizes	: 36 bits physical, 48 bits virtual
power management:

processor	: 1
vendor_id	: GenuineIntel
cpu family	: 6
model		: 58
model name	: Intel(R) Core(TM) i7-3610QM CPU @ 2.30GHz
stepping	: 9
microcode	: 0x1b
cpu MHz		: 2130.375
cache size	: 6144 KB
physical id	: 0
siblings	: 8
core id		: 0
cpu cores	: 4
apicid		: 1
initial apicid	: 1
fpu		: yes
fpu_exception	: yes
cpuid level	: 13
wp		: yes
flags		: fpu vme de pse tsc msr pae mce cx8 apic sep mtrr pge mca cmov pat pse36 clflush dts acpi mmx fxsr sse sse2 ss ht tm pbe syscall nx rdtscp lm constant_tsc arch_perfmon pebs bts rep_good nopl xtopology nonstop_tsc aperfmperf eagerfpu pni pclmulqdq dtes64 monitor ds_cpl vmx est tm2 ssse3 cx16 xtpr pdcm pcid sse4_1 sse4_2 x2apic popcnt tsc_deadline_timer aes xsave avx f16c rdrand lahf_lm ida arat epb pln pts dtherm tpr_shadow vnmi flexpriority ept vpid fsgsbase smep erms xsaveopt
bugs		:
bogomips	: 4591.58
clflush size	: 64
cache_alignment	: 64
address sizes	: 36 bits physical, 48 bits virtual
power management:

processor	: 2
vendor_id	: GenuineIntel
cpu family	: 6
model		: 58
model name	: Intel(R) Core(TM) i7-3610QM CPU @ 2.30GHz
stepping	: 9
microcode	: 0x1b
cpu MHz		: 2891.351
cache size	: 6144 KB
physical id	: 0
siblings	: 8
core id		: 1
cpu cores	: 4
apicid		: 2
initial apicid	: 2
fpu		: yes
fpu_exception	: yes
cpuid level	: 13
wp		: yes
flags		: fpu vme de pse tsc msr pae mce cx8 apic sep mtrr pge mca cmov pat pse36 clflush dts acpi mmx fxsr sse sse2 ss ht tm pbe syscall nx rdtscp lm constant_tsc arch_perfmon pebs bts rep_good nopl xtopology nonstop_tsc aperfmperf eagerfpu pni pclmulqdq dtes64 monitor ds_cpl vmx est tm2 ssse3 cx16 xtpr pdcm pcid sse4_1 sse4_2 x2apic popcnt tsc_deadline_timer aes xsave avx f16c rdrand lahf_lm ida arat epb pln pts dtherm tpr_shadow vnmi flexpriority ept vpid fsgsbase smep erms xsaveopt
bugs		:
bogomips	: 4591.58
clflush size	: 64
cache_alignment	: 64
address sizes	: 36 bits physical, 48 bits virtual
power management:

processor	: 3
vendor_id	: GenuineIntel
cpu family	: 6
model		: 58
model name	: Intel(R) Core(TM) i7-3610QM CPU @ 2.30GHz
stepping	: 9
microcode	: 0x1b
cpu MHz		: 1587.898
cache size	: 6144 KB
physical id	: 0
siblings	: 8
core id		: 1
cpu cores	: 4
apicid		: 3
initial apicid	: 3
fpu		: yes
fpu_exception	: yes
cpuid level	: 13
wp		: yes
flags		: fpu vme de pse tsc msr pae mce cx8 apic sep mtrr pge mca cmov pat pse36 clflush dts acpi mmx fxsr sse sse2 ss ht tm pbe syscall nx rdtscp lm constant_tsc arch_perfmon pebs bts rep_good nopl xtopology nonstop_tsc aperfmperf eagerfpu pni pclmulqdq dtes64 monitor ds_cpl vmx est tm2 ssse3 cx16 xtpr pdcm pcid sse4_1 sse4_2 x2apic popcnt tsc_deadline_timer aes xsave avx f16c rdrand lahf_lm ida arat epb pln pts dtherm tpr_shadow vnmi flexpriority ept vpid fsgsbase smep erms xsaveopt
bugs		:
bogomips	: 4591.58
clflush size	: 64
cache_alignment	: 64
address sizes	: 36 bits physical, 48 bits virtual
power management:

processor	: 4
vendor_id	: GenuineIntel
cpu family	: 6
model		: 58
model name	: Intel(R) Core(TM) i7-3610QM CPU @ 2.30GHz
stepping	: 9
microcode	: 0x1b
cpu MHz		: 2725.410
cache size	: 6144 KB
physical id	: 0
siblings	: 8
core id		: 2
cpu cores	: 4
apicid		: 4
initial apicid	: 4
fpu		: yes
fpu_exception	: yes
cpuid level	: 13
wp		: yes
flags		: fpu vme de pse tsc msr pae mce cx8 apic sep mtrr pge mca cmov pat pse36 clflush dts acpi mmx fxsr sse sse2 ss ht tm pbe syscall nx rdtscp lm constant_tsc arch_perfmon pebs bts rep_good nopl xtopology nonstop_tsc aperfmperf eagerfpu pni pclmulqdq dtes64 monitor ds_cpl vmx est tm2 ssse3 cx16 xtpr pdcm pcid sse4_1 sse4_2 x2apic popcnt tsc_deadline_timer aes xsave avx f16c rdrand lahf_lm ida arat epb pln pts dtherm tpr_shadow vnmi flexpriority ept vpid fsgsbase smep erms xsaveopt
bugs		:
bogomips	: 4591.58
clflush size	: 64
cache_alignment	: 64
address sizes	: 36 bits physical, 48 bits virtual
power management:

processor	: 5
vendor_id	: GenuineIntel
cpu family	: 6
model		: 58
model name	: Intel(R) Core(TM) i7-3610QM CPU @ 2.30GHz
stepping	: 9
microcode	: 0x1b
cpu MHz		: 1207.140
cache size	: 6144 KB
physical id	: 0
siblings	: 8
core id		: 2
cpu cores	: 4
apicid		: 5
initial apicid	: 5
fpu		: yes
fpu_exception	: yes
cpuid level	: 13
wp		: yes
flags		: fpu vme de pse tsc msr pae mce cx8 apic sep mtrr pge mca cmov pat pse36 clflush dts acpi mmx fxsr sse sse2 ss ht tm pbe syscall nx rdtscp lm constant_tsc arch_perfmon pebs bts rep_good nopl xtopology nonstop_tsc aperfmperf eagerfpu pni pclmulqdq dtes64 monitor ds_cpl vmx est tm2 ssse3 cx16 xtpr pdcm pcid sse4_1 sse4_2 x2apic popcnt tsc_deadline_timer aes xsave avx f16c rdrand lahf_lm ida arat epb pln pts dtherm tpr_shadow vnmi flexpriority ept vpid fsgsbase smep erms xsaveopt
bugs		:
bogomips	: 4591.58
clflush size	: 64
cache_alignment	: 64
address sizes	: 36 bits physical, 48 bits virtual
power management:

processor	: 6
vendor_id	: GenuineIntel
cpu family	: 6
model		: 58
model name	: Intel(R) Core(TM) i7-3610QM CPU @ 2.30GHz
stepping	: 9
microcode	: 0x1b
cpu MHz		: 2172.601
cache size	: 6144 KB
physical id	: 0
siblings	: 8
core id		: 3
cpu cores	: 4
apicid		: 6
initial apicid	: 6
fpu		: yes
fpu_exception	: yes
cpuid level	: 13
wp		: yes
flags		: fpu vme de pse tsc msr pae mce cx8 apic sep mtrr pge mca cmov pat pse36 clflush dts acpi mmx fxsr sse sse2 ss ht tm pbe syscall nx rdtscp lm constant_tsc arch_perfmon pebs bts rep_good nopl xtopology nonstop_tsc aperfmperf eagerfpu pni pclmulqdq dtes64 monitor ds_cpl vmx est tm2 ssse3 cx16 xtpr pdcm pcid sse4_1 sse4_2 x2apic popcnt tsc_deadline_timer aes xsave avx f16c rdrand lahf_lm ida arat epb pln pts dtherm tpr_shadow vnmi flexpriority ept vpid fsgsbase smep erms xsaveopt
bugs		:
bogomips	: 4591.58
clflush size	: 64
cache_alignment	: 64
address sizes	: 36 bits physical, 48 bits virtual
power management:

processor	: 7
vendor_id	: GenuineIntel
cpu family	: 6
model		: 58
model name	: Intel(R) Core(TM) i7-3610QM CPU @ 2.30GHz
stepping	: 9
microcode	: 0x1b
cpu MHz		: 1868.929
cache size	: 6144 KB
physical id	: 0
siblings	: 8
core id		: 3
cpu cores	: 4
apicid		: 7
initial apicid	: 7
fpu		: yes
fpu_exception	: yes
cpuid level	: 13
wp		: yes
flags		: fpu vme de pse tsc msr pae mce cx8 apic sep mtrr pge mca cmov pat pse36 clflush dts acpi mmx fxsr sse sse2 ss ht tm pbe syscall nx rdtscp lm constant_tsc arch_perfmon pebs bts rep_good nopl xtopology nonstop_tsc aperfmperf eagerfpu pni pclmulqdq dtes64 monitor ds_cpl vmx est tm2 ssse3 cx16 xtpr pdcm pcid sse4_1 sse4_2 x2apic popcnt tsc_deadline_timer aes xsave avx f16c rdrand lahf_lm ida arat epb pln pts dtherm tpr_shadow vnmi flexpriority ept vpid fsgsbase smep erms xsaveopt
bugs		:
bogomips	: 4591.58
clflush size	: 64
cache_alignment	: 64
address sizes	: 36 bits physical, 48 bits virtual
power management:



Memory: 4k page, physical 3948712k(36908k free), swap 0k(0k free)

vm_info: OpenJDK 64-Bit Server VM (25.66-b17) for linux-amd64 JRE (1.8.0_66-b17), built on Nov 18 2015 10:03:43 by "builduser" with gcc 5.2.0

time: Mon Nov 30 19:55:57 2015
elapsed time: 5 seconds (0d 0h 0m 5s)

