#
# There is insufficient memory for the Java Runtime Environment to continue.
# Native memory allocation (mmap) failed to map 146800640 bytes for committing reserved memory.
# Possible reasons:
#   The system is out of physical RAM or swap space
#   In 32 bit mode, the process size limit was hit
# Possible solutions:
#   Reduce memory load on the system
#   Increase physical memory or swap space
#   Check if swap backing store is full
#   Use 64 bit Java on a 64 bit OS
#   Decrease Java heap size (-Xmx/-Xms)
#   Decrease number of Java threads
#   Decrease Java thread stack sizes (-Xss)
#   Set larger code cache with -XX:ReservedCodeCacheSize=
# This output file may be truncated or incomplete.
#
#  Out of Memory Error (os_linux.cpp:2627), pid=10054, tid=140386148050688
#
# JRE version: OpenJDK Runtime Environment (8.0_66-b17) (build 1.8.0_66-b17)
# Java VM: OpenJDK 64-Bit Server VM (25.66-b17 mixed mode linux-amd64 compressed oops)
# Failed to write core dump. Core dumps have been disabled. To enable core dumping, try "ulimit -c unlimited" before starting Java again
#

---------------  T H R E A D  ---------------

Current thread (0x00007fae48080000):  VMThread [stack: 0x00007fae326c6000,0x00007fae327c7000] [id=10069]

Stack: [0x00007fae326c6000,0x00007fae327c7000],  sp=0x00007fae327c54c0,  free space=1021k
Native frames: (J=compiled Java code, j=interpreted, Vv=VM code, C=native code)
V  [libjvm.so+0xa57648]
V  [libjvm.so+0x4c252c]
V  [libjvm.so+0x8a8d80]
V  [libjvm.so+0x8a32ae]
V  [libjvm.so+0x91c98b]
V  [libjvm.so+0x91dcd3]
V  [libjvm.so+0x91a39b]
V  [libjvm.so+0x91a64c]
V  [libjvm.so+0x8cd2a3]
V  [libjvm.so+0xa59282]
V  [libjvm.so+0xa5e257]
V  [libjvm.so+0xa5ba9c]
V  [libjvm.so+0xa5ce7f]
V  [libjvm.so+0xa5d371]
V  [libjvm.so+0x8a6292]

VM_Operation (0x00007fae51a03470): ParallelGCFailedAllocation, mode: safepoint, requested by thread 0x00007fae4800a800


---------------  P R O C E S S  ---------------

Java Threads: ( => current thread )
  0x00007fae480cb800 JavaThread "Service Thread" daemon [_thread_blocked, id=10077, stack(0x00007fae31ebe000,0x00007fae31fbf000)]
  0x00007fae480be000 JavaThread "C1 CompilerThread3" daemon [_thread_blocked, id=10076, stack(0x00007fae31fbf000,0x00007fae320c0000)]
  0x00007fae480b9800 JavaThread "C2 CompilerThread2" daemon [_thread_blocked, id=10075, stack(0x00007fae320c0000,0x00007fae321c1000)]
  0x00007fae480b8000 JavaThread "C2 CompilerThread1" daemon [_thread_blocked, id=10074, stack(0x00007fae321c1000,0x00007fae322c2000)]
  0x00007fae480b5000 JavaThread "C2 CompilerThread0" daemon [_thread_blocked, id=10073, stack(0x00007fae322c2000,0x00007fae323c3000)]
  0x00007fae480b3000 JavaThread "Signal Dispatcher" daemon [_thread_blocked, id=10072, stack(0x00007fae323c3000,0x00007fae324c4000)]
  0x00007fae48087800 JavaThread "Finalizer" daemon [_thread_blocked, id=10071, stack(0x00007fae324c4000,0x00007fae325c5000)]
  0x00007fae48085800 JavaThread "Reference Handler" daemon [_thread_blocked, id=10070, stack(0x00007fae325c5000,0x00007fae326c6000)]
  0x00007fae4800a800 JavaThread "main" [_thread_blocked, id=10059, stack(0x00007fae51904000,0x00007fae51a05000)]

Other Threads:
=>0x00007fae48080000 VMThread [stack: 0x00007fae326c6000,0x00007fae327c7000] [id=10069]
  0x00007fae480ce000 WatcherThread [stack: 0x00007fae31dbd000,0x00007fae31ebe000] [id=10078]

VM state:at safepoint (normal execution)

VM Mutex/Monitor currently owned by a thread:  ([mutex/lock_event])
[0x00007fae480085a0] Threads_lock - owner thread: 0x00007fae48080000
[0x00007fae48008aa0] Heap_lock - owner thread: 0x00007fae4800a800

Heap:
 PSYoungGen      total 34304K, used 2540K [0x00000000eab00000, 0x00000000ecf00000, 0x0000000100000000)
  eden space 31744K, 0% used [0x00000000eab00000,0x00000000eab00000,0x00000000eca00000)
  from space 2560K, 99% used [0x00000000eca00000,0x00000000ecc7b1e8,0x00000000ecc80000)
  to   space 2560K, 0% used [0x00000000ecc80000,0x00000000ecc80000,0x00000000ecf00000)
 ParOldGen       total 97792K, used 92644K [0x00000000c0000000, 0x00000000c5f80000, 0x00000000eab00000)
  object space 97792K, 94% used [0x00000000c0000000,0x00000000c5a79098,0x00000000c5f80000)
 Metaspace       used 6867K, capacity 7416K, committed 7680K, reserved 1056768K
  class space    used 640K, capacity 688K, committed 768K, reserved 1048576K

Card table byte_map: [0x00007fae4e9e7000,0x00007fae4ebe8000] byte_map_base: 0x00007fae4e3e7000

Marking Bits: (ParMarkBitMap*) 0x00007fae50c25820
 Begin Bits: [0x00007fae4c089000, 0x00007fae4d089000)
 End Bits:   [0x00007fae4d089000, 0x00007fae4e089000)

Polling page: 0x00007fae51a47000

CodeCache: size=245760Kb used=6951Kb max_used=6963Kb free=238808Kb
 bounds [0x00007fae39000000, 0x00007fae396e0000, 0x00007fae48000000]
 total_blobs=2236 nmethods=1953 adapters=197
 compilation: enabled

Compilation events (10 events):
Event: 3.158 Thread 0x00007fae480b9800 nmethod 1945 0x00007fae396d4750 code [0x00007fae396d49c0, 0x00007fae396d58a0]
Event: 3.158 Thread 0x00007fae480b9800 1955       4       java.nio.Buffer::nextPutIndex (38 bytes)
Event: 3.159 Thread 0x00007fae480b9800 nmethod 1955 0x00007fae396bee10 code [0x00007fae396bef60, 0x00007fae396beff8]
Event: 3.159 Thread 0x00007fae480b9800 1956       4       java.nio.Bits::putIntL (43 bytes)
Event: 3.160 Thread 0x00007fae480b9800 nmethod 1956 0x00007fae396cb390 code [0x00007fae396cb4e0, 0x00007fae396cb638]
Event: 3.160 Thread 0x00007fae480b9800 1950       4       java.util.AbstractMap::isEmpty (13 bytes)
Event: 3.161 Thread 0x00007fae480b9800 nmethod 1950 0x00007fae396c9f50 code [0x00007fae396ca0a0, 0x00007fae396ca138]
Event: 3.161 Thread 0x00007fae480b9800 1949       4       java.util.TreeMap::pollFirstEntry (21 bytes)
Event: 3.165 Thread 0x00007fae480b9800 nmethod 1949 0x00007fae396c8a50 code [0x00007fae396c8be0, 0x00007fae396c8ef8]
Event: 3.165 Thread 0x00007fae480b9800 1957   !   4       com.android.dex.Dex$Section::writeStringData (36 bytes)

GC Heap History (9 events):
Event: 1.870 GC heap before
{Heap before GC invocations=1 (full 0):
 PSYoungGen      total 18432K, used 15872K [0x00000000eab00000, 0x00000000ebf80000, 0x0000000100000000)
  eden space 15872K, 100% used [0x00000000eab00000,0x00000000eba80000,0x00000000eba80000)
  from space 2560K, 0% used [0x00000000ebd00000,0x00000000ebd00000,0x00000000ebf80000)
  to   space 2560K, 0% used [0x00000000eba80000,0x00000000eba80000,0x00000000ebd00000)
 ParOldGen       total 42496K, used 0K [0x00000000c0000000, 0x00000000c2980000, 0x00000000eab00000)
  object space 42496K, 0% used [0x00000000c0000000,0x00000000c0000000,0x00000000c2980000)
 Metaspace       used 5435K, capacity 6640K, committed 6784K, reserved 1056768K
  class space    used 547K, capacity 616K, committed 640K, reserved 1048576K
Event: 1.883 GC heap after
Heap after GC invocations=1 (full 0):
 PSYoungGen      total 18432K, used 2548K [0x00000000eab00000, 0x00000000ebf80000, 0x0000000100000000)
  eden space 15872K, 0% used [0x00000000eab00000,0x00000000eab00000,0x00000000eba80000)
  from space 2560K, 99% used [0x00000000eba80000,0x00000000ebcfd330,0x00000000ebd00000)
  to   space 2560K, 0% used [0x00000000ebd00000,0x00000000ebd00000,0x00000000ebf80000)
 ParOldGen       total 42496K, used 2118K [0x00000000c0000000, 0x00000000c2980000, 0x00000000eab00000)
  object space 42496K, 4% used [0x00000000c0000000,0x00000000c0211a68,0x00000000c2980000)
 Metaspace       used 5435K, capacity 6640K, committed 6784K, reserved 1056768K
  class space    used 547K, capacity 616K, committed 640K, reserved 1048576K
}
Event: 2.112 GC heap before
{Heap before GC invocations=2 (full 0):
 PSYoungGen      total 18432K, used 18420K [0x00000000eab00000, 0x00000000ebf80000, 0x0000000100000000)
  eden space 15872K, 100% used [0x00000000eab00000,0x00000000eba80000,0x00000000eba80000)
  from space 2560K, 99% used [0x00000000eba80000,0x00000000ebcfd330,0x00000000ebd00000)
  to   space 2560K, 0% used [0x00000000ebd00000,0x00000000ebd00000,0x00000000ebf80000)
 ParOldGen       total 42496K, used 2118K [0x00000000c0000000, 0x00000000c2980000, 0x00000000eab00000)
  object space 42496K, 4% used [0x00000000c0000000,0x00000000c0211a68,0x00000000c2980000)
 Metaspace       used 5696K, capacity 6896K, committed 7040K, reserved 1056768K
  class space    used 549K, capacity 616K, committed 640K, reserved 1048576K
Event: 2.132 GC heap after
Heap after GC invocations=2 (full 0):
 PSYoungGen      total 18432K, used 2531K [0x00000000eab00000, 0x00000000ecf00000, 0x0000000100000000)
  eden space 15872K, 0% used [0x00000000eab00000,0x00000000eab00000,0x00000000eba80000)
  from space 2560K, 98% used [0x00000000ebd00000,0x00000000ebf78d48,0x00000000ebf80000)
  to   space 2560K, 0% used [0x00000000eba80000,0x00000000eba80000,0x00000000ebd00000)
 ParOldGen       total 42496K, used 5646K [0x00000000c0000000, 0x00000000c2980000, 0x00000000eab00000)
  object space 42496K, 13% used [0x00000000c0000000,0x00000000c0583b18,0x00000000c2980000)
 Metaspace       used 5696K, capacity 6896K, committed 7040K, reserved 1056768K
  class space    used 549K, capacity 616K, committed 640K, reserved 1048576K
}
Event: 2.411 GC heap before
{Heap before GC invocations=3 (full 0):
 PSYoungGen      total 18432K, used 18403K [0x00000000eab00000, 0x00000000ecf00000, 0x0000000100000000)
  eden space 15872K, 100% used [0x00000000eab00000,0x00000000eba80000,0x00000000eba80000)
  from space 2560K, 98% used [0x00000000ebd00000,0x00000000ebf78d48,0x00000000ebf80000)
  to   space 2560K, 0% used [0x00000000eba80000,0x00000000eba80000,0x00000000ebd00000)
 ParOldGen       total 42496K, used 5646K [0x00000000c0000000, 0x00000000c2980000, 0x00000000eab00000)
  object space 42496K, 13% used [0x00000000c0000000,0x00000000c0583b18,0x00000000c2980000)
 Metaspace       used 5927K, capacity 6896K, committed 7040K, reserved 1056768K
  class space    used 563K, capacity 616K, committed 640K, reserved 1048576K
Event: 2.421 GC heap after
Heap after GC invocations=3 (full 0):
 PSYoungGen      total 18432K, used 2544K [0x00000000eab00000, 0x00000000ecf00000, 0x0000000100000000)
  eden space 15872K, 0% used [0x00000000eab00000,0x00000000eab00000,0x00000000eba80000)
  from space 2560K, 99% used [0x00000000eba80000,0x00000000ebcfc2c0,0x00000000ebd00000)
  to   space 2560K, 0% used [0x00000000ecc80000,0x00000000ecc80000,0x00000000ecf00000)
 ParOldGen       total 42496K, used 9791K [0x00000000c0000000, 0x00000000c2980000, 0x00000000eab00000)
  object space 42496K, 23% used [0x00000000c0000000,0x00000000c098fff8,0x00000000c2980000)
 Metaspace       used 5927K, capacity 6896K, committed 7040K, reserved 1056768K
  class space    used 563K, capacity 616K, committed 640K, reserved 1048576K
}
Event: 2.509 GC heap before
{Heap before GC invocations=4 (full 0):
 PSYoungGen      total 18432K, used 18392K [0x00000000eab00000, 0x00000000ecf00000, 0x0000000100000000)
  eden space 15872K, 99% used [0x00000000eab00000,0x00000000eba79dc0,0x00000000eba80000)
  from space 2560K, 99% used [0x00000000eba80000,0x00000000ebcfc2c0,0x00000000ebd00000)
  to   space 2560K, 0% used [0x00000000ecc80000,0x00000000ecc80000,0x00000000ecf00000)
 ParOldGen       total 42496K, used 9791K [0x00000000c0000000, 0x00000000c2980000, 0x00000000eab00000)
  object space 42496K, 23% used [0x00000000c0000000,0x00000000c098fff8,0x00000000c2980000)
 Metaspace       used 5944K, capacity 6896K, committed 7040K, reserved 1056768K
  class space    used 563K, capacity 616K, committed 640K, reserved 1048576K
Event: 2.516 GC heap after
Heap after GC invocations=4 (full 0):
 PSYoungGen      total 34304K, used 2557K [0x00000000eab00000, 0x00000000ecf00000, 0x0000000100000000)
  eden space 31744K, 0% used [0x00000000eab00000,0x00000000eab00000,0x00000000eca00000)
  from space 2560K, 99% used [0x00000000ecc80000,0x00000000eceff628,0x00000000ecf00000)
  to   space 2560K, 0% used [0x00000000eca00000,0x00000000eca00000,0x00000000ecc80000)
 ParOldGen       total 42496K, used 15409K [0x00000000c0000000, 0x00000000c2980000, 0x00000000eab00000)
  object space 42496K, 36% used [0x00000000c0000000,0x00000000c0f0c628,0x00000000c2980000)
 Metaspace       used 5944K, capacity 6896K, committed 7040K, reserved 1056768K
  class space    used 563K, capacity 616K, committed 640K, reserved 1048576K
}
Event: 3.166 GC heap before
{Heap before GC invocations=5 (full 0):
 PSYoungGen      total 34304K, used 34301K [0x00000000eab00000, 0x00000000ecf00000, 0x0000000100000000)
  eden space 31744K, 100% used [0x00000000eab00000,0x00000000eca00000,0x00000000eca00000)
  from space 2560K, 99% used [0x00000000ecc80000,0x00000000eceff628,0x00000000ecf00000)
  to   space 2560K, 0% used [0x00000000eca00000,0x00000000eca00000,0x00000000ecc80000)
 ParOldGen       total 42496K, used 15409K [0x00000000c0000000, 0x00000000c2980000, 0x00000000eab00000)
  object space 42496K, 36% used [0x00000000c0000000,0x00000000c0f0c628,0x00000000c2980000)
 Metaspace       used 6867K, capacity 7416K, committed 7680K, reserved 1056768K
  class space    used 640K, capacity 688K, committed 768K, reserved 1048576K

Deoptimization events (10 events):
Event: 3.013 Thread 0x00007fae4800a800 Uncommon trap: reason=speculate_class_check action=maybe_recompile pc=0x00007fae392ff2ec method=java.util.HashMap.putVal(ILjava/lang/Object;Ljava/lang/Object;ZZ)Ljava/lang/Object; @ 56
Event: 3.013 Thread 0x00007fae4800a800 Uncommon trap: reason=speculate_class_check action=maybe_recompile pc=0x00007fae392ff2ec method=java.util.HashMap.putVal(ILjava/lang/Object;Ljava/lang/Object;ZZ)Ljava/lang/Object; @ 56
Event: 3.013 Thread 0x00007fae4800a800 Uncommon trap: reason=speculate_class_check action=maybe_recompile pc=0x00007fae392ff2ec method=java.util.HashMap.putVal(ILjava/lang/Object;Ljava/lang/Object;ZZ)Ljava/lang/Object; @ 56
Event: 3.014 Thread 0x00007fae4800a800 Uncommon trap: reason=speculate_class_check action=maybe_recompile pc=0x00007fae392ff358 method=java.util.HashMap.putVal(ILjava/lang/Object;Ljava/lang/Object;ZZ)Ljava/lang/Object; @ 152
Event: 3.014 Thread 0x00007fae4800a800 Uncommon trap: reason=speculate_class_check action=maybe_recompile pc=0x00007fae392ff358 method=java.util.HashMap.putVal(ILjava/lang/Object;Ljava/lang/Object;ZZ)Ljava/lang/Object; @ 152
Event: 3.014 Thread 0x00007fae4800a800 Uncommon trap: reason=class_check action=maybe_recompile pc=0x00007fae395aa984 method=java.util.HashMap.putVal(ILjava/lang/Object;Ljava/lang/Object;ZZ)Ljava/lang/Object; @ 56
Event: 3.014 Thread 0x00007fae4800a800 Uncommon trap: reason=class_check action=maybe_recompile pc=0x00007fae395aa984 method=java.util.HashMap.putVal(ILjava/lang/Object;Ljava/lang/Object;ZZ)Ljava/lang/Object; @ 56
Event: 3.014 Thread 0x00007fae4800a800 Uncommon trap: reason=class_check action=maybe_recompile pc=0x00007fae395aa984 method=java.util.HashMap.putVal(ILjava/lang/Object;Ljava/lang/Object;ZZ)Ljava/lang/Object; @ 56
Event: 3.014 Thread 0x00007fae4800a800 Uncommon trap: reason=class_check action=maybe_recompile pc=0x00007fae395aa984 method=java.util.HashMap.putVal(ILjava/lang/Object;Ljava/lang/Object;ZZ)Ljava/lang/Object; @ 56
Event: 3.097 Thread 0x00007fae4800a800 Uncommon trap: reason=unstable_if action=reinterpret pc=0x00007fae392e07d4 method=java.lang.String.<init>([CII)V @ 18

Internal exceptions (2 events):
Event: 0.306 Thread 0x00007fae4800a800 Exception <a 'java/lang/NoSuchMethodError': Method sun.misc.Unsafe.defineClass(Ljava/lang/String;[BII)Ljava/lang/Class; name or signature does not match> (0x00000000eab12ba8) thrown at [/build/java8-openjdk/src/jdk8u-jdk8u66-b17/hotspot/src/share/vm/prims
Event: 0.306 Thread 0x00007fae4800a800 Exception <a 'java/lang/NoSuchMethodError': Method sun.misc.Unsafe.prefetchRead(Ljava/lang/Object;J)V name or signature does not match> (0x00000000eab12e90) thrown at [/build/java8-openjdk/src/jdk8u-jdk8u66-b17/hotspot/src/share/vm/prims/jni.cpp, line 398

Events (10 events):
Event: 3.096 loading class com/android/dx/merge/DexMerger$IdMerger
Event: 3.096 loading class com/android/dx/merge/DexMerger$IdMerger done
Event: 3.096 loading class com/android/dex/Mutf8
Event: 3.096 loading class com/android/dex/Mutf8 done
Event: 3.097 Thread 0x00007fae4800a800 Uncommon trap: trap_request=0xffffff65 fr.pc=0x00007fae392e07d4
Event: 3.097 Thread 0x00007fae4800a800 DEOPT PACKING pc=0x00007fae392e07d4 sp=0x00007fae51a03300
Event: 3.097 Thread 0x00007fae4800a800 DEOPT UNPACKING pc=0x00007fae39004f69 sp=0x00007fae51a032e8 mode 2
Event: 3.097 loading class java/util/AbstractMap$SimpleImmutableEntry
Event: 3.097 loading class java/util/AbstractMap$SimpleImmutableEntry done
Event: 3.166 Executing VM operation: ParallelGCFailedAllocation


Dynamic libraries:
00400000-00401000 r-xp 00000000 08:05 11549069                           /usr/lib/jvm/java-8-openjdk/jre/bin/java
00600000-00601000 rw-p 00000000 08:05 11549069                           /usr/lib/jvm/java-8-openjdk/jre/bin/java
01391000-013b2000 rw-p 00000000 00:00 0                                  [heap]
c0000000-c5f80000 rw-p 00000000 00:00 0 
c5f80000-eab00000 ---p 00000000 00:00 0 
eab00000-ecf00000 rw-p 00000000 00:00 0 
f5b00000-100000000 ---p 00000000 00:00 0 
100000000-1000c0000 rw-p 00000000 00:00 0 
1000c0000-140000000 ---p 00000000 00:00 0 
7fadc4000000-7fadc4021000 rw-p 00000000 00:00 0 
7fadc4021000-7fadc8000000 ---p 00000000 00:00 0 
7fadc8000000-7fadc8021000 rw-p 00000000 00:00 0 
7fadc8021000-7fadcc000000 ---p 00000000 00:00 0 
7fadcc000000-7fadcc021000 rw-p 00000000 00:00 0 
7fadcc021000-7fadd0000000 ---p 00000000 00:00 0 
7fadd0000000-7fadd0021000 rw-p 00000000 00:00 0 
7fadd0021000-7fadd4000000 ---p 00000000 00:00 0 
7fadd4000000-7fadd4021000 rw-p 00000000 00:00 0 
7fadd4021000-7fadd8000000 ---p 00000000 00:00 0 
7fadd8000000-7fadd8075000 rw-p 00000000 00:00 0 
7fadd8075000-7faddc000000 ---p 00000000 00:00 0 
7faddc000000-7faddc4e6000 rw-p 00000000 00:00 0 
7faddc4e6000-7fade0000000 ---p 00000000 00:00 0 
7fade0000000-7fade0021000 rw-p 00000000 00:00 0 
7fade0021000-7fade4000000 ---p 00000000 00:00 0 
7fade4000000-7fade44ed000 rw-p 00000000 00:00 0 
7fade44ed000-7fade8000000 ---p 00000000 00:00 0 
7fade8000000-7fade857e000 rw-p 00000000 00:00 0 
7fade857e000-7fadec000000 ---p 00000000 00:00 0 
7fadec000000-7fadec021000 rw-p 00000000 00:00 0 
7fadec021000-7fadf0000000 ---p 00000000 00:00 0 
7fadf0000000-7fadf055b000 rw-p 00000000 00:00 0 
7fadf055b000-7fadf4000000 ---p 00000000 00:00 0 
7fadf4000000-7fadf4021000 rw-p 00000000 00:00 0 
7fadf4021000-7fadf8000000 ---p 00000000 00:00 0 
7fadf8000000-7fadf8021000 rw-p 00000000 00:00 0 
7fadf8021000-7fadfc000000 ---p 00000000 00:00 0 
7fadfc000000-7fadfc021000 rw-p 00000000 00:00 0 
7fadfc021000-7fae00000000 ---p 00000000 00:00 0 
7fae00000000-7fae00021000 rw-p 00000000 00:00 0 
7fae00021000-7fae04000000 ---p 00000000 00:00 0 
7fae04000000-7fae04021000 rw-p 00000000 00:00 0 
7fae04021000-7fae08000000 ---p 00000000 00:00 0 
7fae0c000000-7fae0c021000 rw-p 00000000 00:00 0 
7fae0c021000-7fae10000000 ---p 00000000 00:00 0 
7fae14000000-7fae14021000 rw-p 00000000 00:00 0 
7fae14021000-7fae18000000 ---p 00000000 00:00 0 
7fae1c000000-7fae1c021000 rw-p 00000000 00:00 0 
7fae1c021000-7fae20000000 ---p 00000000 00:00 0 
7fae24000000-7fae24021000 rw-p 00000000 00:00 0 
7fae24021000-7fae28000000 ---p 00000000 00:00 0 
7fae2c000000-7fae2c021000 rw-p 00000000 00:00 0 
7fae2c021000-7fae30000000 ---p 00000000 00:00 0 
7fae318b8000-7fae318bb000 ---p 00000000 00:00 0 
7fae318bb000-7fae319b9000 rw-p 00000000 00:00 0 
7fae319b9000-7fae319bc000 ---p 00000000 00:00 0 
7fae319bc000-7fae31aba000 rw-p 00000000 00:00 0 
7fae31aba000-7fae31abd000 ---p 00000000 00:00 0 
7fae31abd000-7fae31bbb000 rw-p 00000000 00:00 0 
7fae31bbb000-7fae31bbe000 ---p 00000000 00:00 0 
7fae31bbe000-7fae31cbc000 rw-p 00000000 00:00 0 
7fae31cbc000-7fae31cbf000 ---p 00000000 00:00 0 
7fae31cbf000-7fae31dbd000 rw-p 00000000 00:00 0 
7fae31dbd000-7fae31dbe000 ---p 00000000 00:00 0 
7fae31dbe000-7fae31ebe000 rw-p 00000000 00:00 0                          [stack:10078]
7fae31ebe000-7fae31ec1000 ---p 00000000 00:00 0 
7fae31ec1000-7fae31fbf000 rw-p 00000000 00:00 0                          [stack:10077]
7fae31fbf000-7fae31fc2000 ---p 00000000 00:00 0 
7fae31fc2000-7fae320c0000 rw-p 00000000 00:00 0                          [stack:10076]
7fae320c0000-7fae320c3000 ---p 00000000 00:00 0 
7fae320c3000-7fae321c1000 rw-p 00000000 00:00 0                          [stack:10075]
7fae321c1000-7fae321c4000 ---p 00000000 00:00 0 
7fae321c4000-7fae322c2000 rw-p 00000000 00:00 0                          [stack:10074]
7fae322c2000-7fae322c5000 ---p 00000000 00:00 0 
7fae322c5000-7fae323c3000 rw-p 00000000 00:00 0                          [stack:10073]
7fae323c3000-7fae323c6000 ---p 00000000 00:00 0 
7fae323c6000-7fae324c4000 rw-p 00000000 00:00 0                          [stack:10072]
7fae324c4000-7fae324c7000 ---p 00000000 00:00 0 
7fae324c7000-7fae325c5000 rw-p 00000000 00:00 0                          [stack:10071]
7fae325c5000-7fae325c8000 ---p 00000000 00:00 0 
7fae325c8000-7fae326c6000 rw-p 00000000 00:00 0                          [stack:10070]
7fae326c6000-7fae326c7000 ---p 00000000 00:00 0 
7fae326c7000-7fae34000000 rw-p 00000000 00:00 0                          [stack:10069]
7fae34000000-7fae34021000 rw-p 00000000 00:00 0 
7fae34021000-7fae38000000 ---p 00000000 00:00 0 
7fae3801d000-7fae38433000 rw-p 00000000 00:00 0 
7fae38433000-7fae38600000 r--s 03be8000 08:05 11672578                   /usr/lib/jvm/java-8-openjdk/jre/lib/rt.jar
7fae38600000-7fae38cc0000 rw-p 00000000 00:00 0 
7fae38cc0000-7fae38e00000 ---p 00000000 00:00 0 
7fae38e00000-7fae39000000 rw-p 00000000 00:00 0 
7fae39000000-7fae396e0000 rwxp 00000000 00:00 0 
7fae396e0000-7fae48000000 ---p 00000000 00:00 0 
7fae48000000-7fae48189000 rw-p 00000000 00:00 0 
7fae48189000-7fae4c000000 ---p 00000000 00:00 0 
7fae4c013000-7fae4e089000 rw-p 00000000 00:00 0 
7fae4e089000-7fae4e08a000 ---p 00000000 00:00 0 
7fae4e08a000-7fae4e18a000 rw-p 00000000 00:00 0                          [stack:10067]
7fae4e18a000-7fae4e18b000 ---p 00000000 00:00 0 
7fae4e18b000-7fae4e28b000 rw-p 00000000 00:00 0                          [stack:10066]
7fae4e28b000-7fae4e28c000 ---p 00000000 00:00 0 
7fae4e28c000-7fae4e38c000 rw-p 00000000 00:00 0                          [stack:10065]
7fae4e38c000-7fae4e38d000 ---p 00000000 00:00 0 
7fae4e38d000-7fae4e48d000 rw-p 00000000 00:00 0                          [stack:10064]
7fae4e48d000-7fae4e48e000 ---p 00000000 00:00 0 
7fae4e48e000-7fae4e58e000 rw-p 00000000 00:00 0                          [stack:10063]
7fae4e58e000-7fae4e58f000 ---p 00000000 00:00 0 
7fae4e58f000-7fae4e68f000 rw-p 00000000 00:00 0                          [stack:10062]
7fae4e68f000-7fae4e690000 ---p 00000000 00:00 0 
7fae4e690000-7fae4e790000 rw-p 00000000 00:00 0                          [stack:10061]
7fae4e790000-7fae4e791000 ---p 00000000 00:00 0 
7fae4e791000-7fae4e8c1000 rw-p 00000000 00:00 0                          [stack:10060]
7fae4e8c1000-7fae4e9e7000 ---p 00000000 00:00 0 
7fae4e9e7000-7fae4ea17000 rw-p 00000000 00:00 0 
7fae4ea17000-7fae4eb3c000 ---p 00000000 00:00 0 
7fae4eb3c000-7fae4eb4f000 rw-p 00000000 00:00 0 
7fae4eb4f000-7fae4ebe7000 ---p 00000000 00:00 0 
7fae4ebe7000-7fae4ec04000 rw-p 00000000 00:00 0 
7fae4ec04000-7fae4efa8000 ---p 00000000 00:00 0 
7fae4efa8000-7fae4efb0000 r-xp 00000000 08:05 11801229                   /usr/lib/jvm/java-8-openjdk/jre/lib/amd64/libzip.so
7fae4efb0000-7fae4f1af000 ---p 00008000 08:05 11801229                   /usr/lib/jvm/java-8-openjdk/jre/lib/amd64/libzip.so
7fae4f1af000-7fae4f1b0000 rw-p 00007000 08:05 11801229                   /usr/lib/jvm/java-8-openjdk/jre/lib/amd64/libzip.so
7fae4f1b0000-7fae4f1bb000 r-xp 00000000 08:05 9178287                    /usr/lib/libnss_files-2.22.so
7fae4f1bb000-7fae4f3ba000 ---p 0000b000 08:05 9178287                    /usr/lib/libnss_files-2.22.so
7fae4f3ba000-7fae4f3bb000 r--p 0000a000 08:05 9178287                    /usr/lib/libnss_files-2.22.so
7fae4f3bb000-7fae4f3bc000 rw-p 0000b000 08:05 9178287                    /usr/lib/libnss_files-2.22.so
7fae4f3bc000-7fae4f3c2000 rw-p 00000000 00:00 0 
7fae4f3c2000-7fae4f3ee000 r-xp 00000000 08:05 11801221                   /usr/lib/jvm/java-8-openjdk/jre/lib/amd64/libjava.so
7fae4f3ee000-7fae4f5ee000 ---p 0002c000 08:05 11801221                   /usr/lib/jvm/java-8-openjdk/jre/lib/amd64/libjava.so
7fae4f5ee000-7fae4f5f0000 rw-p 0002c000 08:05 11801221                   /usr/lib/jvm/java-8-openjdk/jre/lib/amd64/libjava.so
7fae4f5f0000-7fae4f5fd000 r-xp 00000000 08:05 11801218                   /usr/lib/jvm/java-8-openjdk/jre/lib/amd64/libverify.so
7fae4f5fd000-7fae4f7fc000 ---p 0000d000 08:05 11801218                   /usr/lib/jvm/java-8-openjdk/jre/lib/amd64/libverify.so
7fae4f7fc000-7fae4f7fe000 rw-p 0000c000 08:05 11801218                   /usr/lib/jvm/java-8-openjdk/jre/lib/amd64/libverify.so
7fae4f7fe000-7fae4f805000 r-xp 00000000 08:05 9178295                    /usr/lib/librt-2.22.so
7fae4f805000-7fae4fa04000 ---p 00007000 08:05 9178295                    /usr/lib/librt-2.22.so
7fae4fa04000-7fae4fa05000 r--p 00006000 08:05 9178295                    /usr/lib/librt-2.22.so
7fae4fa05000-7fae4fa06000 rw-p 00007000 08:05 9178295                    /usr/lib/librt-2.22.so
7fae4fa06000-7fae4fb03000 r-xp 00000000 08:05 9178292                    /usr/lib/libm-2.22.so
7fae4fb03000-7fae4fd02000 ---p 000fd000 08:05 9178292                    /usr/lib/libm-2.22.so
7fae4fd02000-7fae4fd03000 r--p 000fc000 08:05 9178292                    /usr/lib/libm-2.22.so
7fae4fd03000-7fae4fd04000 rw-p 000fd000 08:05 9178292                    /usr/lib/libm-2.22.so
7fae4fd04000-7fae50957000 r-xp 00000000 08:05 12451867                   /usr/lib/jvm/java-8-openjdk/jre/lib/amd64/server/libjvm.so
7fae50957000-7fae50b56000 ---p 00c53000 08:05 12451867                   /usr/lib/jvm/java-8-openjdk/jre/lib/amd64/server/libjvm.so
7fae50b56000-7fae50c12000 rw-p 00c52000 08:05 12451867                   /usr/lib/jvm/java-8-openjdk/jre/lib/amd64/server/libjvm.so
7fae50c12000-7fae50c40000 rw-p 00000000 00:00 0 
7fae50c40000-7fae50ddb000 r-xp 00000000 08:05 9178242                    /usr/lib/libc-2.22.so
7fae50ddb000-7fae50fda000 ---p 0019b000 08:05 9178242                    /usr/lib/libc-2.22.so
7fae50fda000-7fae50fde000 r--p 0019a000 08:05 9178242                    /usr/lib/libc-2.22.so
7fae50fde000-7fae50fe0000 rw-p 0019e000 08:05 9178242                    /usr/lib/libc-2.22.so
7fae50fe0000-7fae50fe4000 rw-p 00000000 00:00 0 
7fae50fe4000-7fae50fe7000 r-xp 00000000 08:05 9178291                    /usr/lib/libdl-2.22.so
7fae50fe7000-7fae511e6000 ---p 00003000 08:05 9178291                    /usr/lib/libdl-2.22.so
7fae511e6000-7fae511e7000 r--p 00002000 08:05 9178291                    /usr/lib/libdl-2.22.so
7fae511e7000-7fae511e8000 rw-p 00003000 08:05 9178291                    /usr/lib/libdl-2.22.so
7fae511e8000-7fae511f5000 r-xp 00000000 08:05 12451864                   /usr/lib/jvm/java-8-openjdk/jre/lib/amd64/jli/libjli.so
7fae511f5000-7fae513f4000 ---p 0000d000 08:05 12451864                   /usr/lib/jvm/java-8-openjdk/jre/lib/amd64/jli/libjli.so
7fae513f4000-7fae513f5000 rw-p 0000c000 08:05 12451864                   /usr/lib/jvm/java-8-openjdk/jre/lib/amd64/jli/libjli.so
7fae513f5000-7fae5140a000 r-xp 00000000 08:05 9181547                    /usr/lib/libz.so.1.2.8
7fae5140a000-7fae51609000 ---p 00015000 08:05 9181547                    /usr/lib/libz.so.1.2.8
7fae51609000-7fae5160a000 r--p 00014000 08:05 9181547                    /usr/lib/libz.so.1.2.8
7fae5160a000-7fae5160b000 rw-p 00015000 08:05 9181547                    /usr/lib/libz.so.1.2.8
7fae5160b000-7fae51623000 r-xp 00000000 08:05 9178223                    /usr/lib/libpthread-2.22.so
7fae51623000-7fae51822000 ---p 00018000 08:05 9178223                    /usr/lib/libpthread-2.22.so
7fae51822000-7fae51823000 r--p 00017000 08:05 9178223                    /usr/lib/libpthread-2.22.so
7fae51823000-7fae51824000 rw-p 00018000 08:05 9178223                    /usr/lib/libpthread-2.22.so
7fae51824000-7fae51828000 rw-p 00000000 00:00 0 
7fae51828000-7fae5184a000 r-xp 00000000 08:05 9178241                    /usr/lib/ld-2.22.so
7fae5184b000-7fae5184c000 rw-p 00000000 00:00 0 
7fae5184c000-7fae51851000 r--s 00096000 08:05 11672577                   /usr/lib/jvm/java-8-openjdk/jre/lib/jsse.jar
7fae51851000-7fae51860000 r--s 000df000 08:05 2886850                    /opt/android-sdk/build-tools/23.0.2/lib/dx.jar
7fae51860000-7fae51904000 rw-p 00000000 00:00 0 
7fae51904000-7fae51907000 ---p 00000000 00:00 0 
7fae51907000-7fae51a2a000 rw-p 00000000 00:00 0                          [stack:10059]
7fae51a2a000-7fae51a3e000 rw-p 00000000 00:00 0 
7fae51a3e000-7fae51a46000 rw-s 00000000 00:21 105703                     /tmp/hsperfdata_axzanaeb/10054
7fae51a46000-7fae51a47000 rw-p 00000000 00:00 0 
7fae51a47000-7fae51a48000 ---p 00000000 00:00 0 
7fae51a48000-7fae51a49000 rw-p 00000000 00:00 0 
7fae51a49000-7fae51a4a000 r--p 00021000 08:05 9178241                    /usr/lib/ld-2.22.so
7fae51a4a000-7fae51a4b000 rw-p 00022000 08:05 9178241                    /usr/lib/ld-2.22.so
7fae51a4b000-7fae51a4c000 rw-p 00000000 00:00 0 
7fff6354d000-7fff6356f000 rw-p 00000000 00:00 0                          [stack]
7fff635d8000-7fff635da000 r--p 00000000 00:00 0                          [vvar]
7fff635da000-7fff635dc000 r-xp 00000000 00:00 0                          [vdso]
ffffffffff600000-ffffffffff601000 r-xp 00000000 00:00 0                  [vsyscall]

VM Arguments:
jvm_args: -Xmx1024M -Dfile.encoding=US-ASCII -Duser.country=US -Duser.language=en -Duser.variant 
java_command: com.android.dx.command.Main --dex --num-threads=4 --output /home/axzanaeb/AndroidStudioProjects/HelloWorld/app/build/intermediates/dex/debug /home/axzanaeb/AndroidStudioProjects/HelloWorld/app/build/intermediates/classes/debug /home/axzanaeb/AndroidStudioProjects/HelloWorld/app/build/intermediates/pre-dexed/debug/support-annotations-23.1.1-a191f39ca41bd9735f8d3a9cc6638ec5404adeab.jar /home/axzanaeb/AndroidStudioProjects/HelloWorld/app/build/intermediates/pre-dexed/debug/classes-453b73e5afd8a6fe3e77e9e2c389e169e8ceb018.jar /home/axzanaeb/AndroidStudioProjects/HelloWorld/app/build/intermediates/pre-dexed/debug/internal_impl-22.2.0-9560efefe1c2581465cebc11c09cd2d1f0402a5d.jar /home/axzanaeb/AndroidStudioProjects/HelloWorld/app/build/intermediates/pre-dexed/debug/classes-a2501f7b3fd9669ee2fdc8cdf0e650ce33214ec2.jar /home/axzanaeb/AndroidStudioProjects/HelloWorld/app/build/intermediates/pre-dexed/debug/classes-abb22c070011f5a26cb2d977b0aa05229f6ac96c.jar /home/axzanaeb/AndroidStudioProjects/HelloWorld/app/build/intermediates/pre-dexed/debug/classes-4eaef758c01571c36b5850456f5498a35e39adfa.jar /home/axzanaeb/AndroidStudioProjects/HelloWorld/app/build/intermediates/pre-dexed/debug/classes-066371a48ea9054ffceb34c4e55e0d0d217ac3fa.jar /home/axzanaeb/AndroidStudioProjects/HelloWorld/app/build/intermediates/pre-dexed/debug/classes-1fbcff7e18326362e31b1ab7f6f7da6922192992.jar /home/axzanaeb/AndroidStudioProjects/HelloWorld/app/build/intermediates/pre-dexed/debug/classes-409380daa0d90fc46b0a448cfb91f2a99103d7ac.jar /home/axzanaeb/AndroidStudioProjects/HelloWorld/app/build/intermediates/pre-dexed/debug/classes-5ff107b9a4fdbaf1e301632ffe9af1304ae62eeb.jar /home/axzanaeb/AndroidStudioProjects/HelloWorld/app/build/intermediates/pre-dexed/debug/classes-e5853621c4db180fe6c7e195cdcc62082fc44a94.jar /home/axzanaeb/AndroidStudioProjects/HelloWorld/app/build/intermediates/pre-dexed/debug/classes-bf90549bf0b6c4eea77a34f927dcbe7fbf5f65bf.jar /home/axzanaeb/AndroidStudioProje
java_class_path (initial): /opt/android-sdk/build-tools/23.0.2/lib/dx.jar
Launcher Type: SUN_STANDARD

Environment Variables:
PATH=/usr/local/sbin:/usr/local/bin:/usr/bin:/opt/android-sdk/platform-tools:/opt/android-sdk/tools:/usr/lib/jvm/default/bin:/usr/bin/site_perl:/usr/bin/vendor_perl:/usr/bin/core_perl:/home/axzanaeb/.rvm/bin
LD_LIBRARY_PATH=/opt/android-studio/bin:
SHELL=/bin/bash
DISPLAY=:0

Signal Handlers:
SIGSEGV: [libjvm.so+0xa58190], sa_mask[0]=11111111011111111101111111111110, sa_flags=SA_RESTART|SA_SIGINFO
SIGBUS: [libjvm.so+0xa58190], sa_mask[0]=11111111011111111101111111111110, sa_flags=SA_RESTART|SA_SIGINFO
SIGFPE: [libjvm.so+0x8a4420], sa_mask[0]=11111111011111111101111111111110, sa_flags=SA_RESTART|SA_SIGINFO
SIGPIPE: [libjvm.so+0x8a4420], sa_mask[0]=11111111011111111101111111111110, sa_flags=SA_RESTART|SA_SIGINFO
SIGXFSZ: [libjvm.so+0x8a4420], sa_mask[0]=11111111011111111101111111111110, sa_flags=SA_RESTART|SA_SIGINFO
SIGILL: [libjvm.so+0x8a4420], sa_mask[0]=11111111011111111101111111111110, sa_flags=SA_RESTART|SA_SIGINFO
SIGUSR1: SIG_DFL, sa_mask[0]=00000000000000000000000000000000, sa_flags=none
SIGUSR2: [libjvm.so+0x8a42d0], sa_mask[0]=00100000000000000000000000000000, sa_flags=SA_RESTART|SA_SIGINFO
SIGHUP: [libjvm.so+0x8a47a0], sa_mask[0]=11111111011111111101111111111110, sa_flags=SA_RESTART|SA_SIGINFO
SIGINT: [libjvm.so+0x8a47a0], sa_mask[0]=11111111011111111101111111111110, sa_flags=SA_RESTART|SA_SIGINFO
SIGTERM: [libjvm.so+0x8a47a0], sa_mask[0]=11111111011111111101111111111110, sa_flags=SA_RESTART|SA_SIGINFO
SIGQUIT: [libjvm.so+0x8a47a0], sa_mask[0]=11111111011111111101111111111110, sa_flags=SA_RESTART|SA_SIGINFO


---------------  S Y S T E M  ---------------

OS:NAME="Arch Linux"
ID=arch
PRETTY_NAME="Arch Linux"
ANSI_COLOR="0;36"
HOME_URL="https://www.archlinux.org/"
SUPPORT_URL="https://bbs.archlinux.org/"
BUG_REPORT_URL="https://bugs.archlinux.org/"


uname:Linux 4.2.5-1-ARCH #1 SMP PREEMPT Tue Oct 27 08:13:28 CET 2015 x86_64
libc:glibc 2.22 NPTL 2.22 
rlimit: STACK 8192k, CORE 0k, NPROC 15400, NOFILE 4096, AS infinity
load average:1.20 1.22 1.20

/proc/meminfo:
MemTotal:        3948712 kB
MemFree:           32228 kB
MemAvailable:      76276 kB
Buffers:             780 kB
Cached:           274912 kB
SwapCached:            0 kB
Active:          3524124 kB
Inactive:         215804 kB
Active(anon):    3505388 kB
Inactive(anon):   197728 kB
Active(file):      18736 kB
Inactive(file):    18076 kB
Unevictable:           0 kB
Mlocked:               0 kB
SwapTotal:             0 kB
SwapFree:              0 kB
Dirty:                 0 kB
Writeback:             0 kB
AnonPages:       3463992 kB
Mapped:           148116 kB
Shmem:            239088 kB
Slab:              74560 kB
SReclaimable:      36588 kB
SUnreclaim:        37972 kB
KernelStack:       10672 kB
PageTables:        40016 kB
NFS_Unstable:          0 kB
Bounce:                0 kB
WritebackTmp:          0 kB
CommitLimit:     1974356 kB
Committed_AS:    7562728 kB
VmallocTotal:   34359738367 kB
VmallocUsed:      557088 kB
VmallocChunk:   34358423548 kB
HardwareCorrupted:     0 kB
AnonHugePages:   1611776 kB
HugePages_Total:       0
HugePages_Free:        0
HugePages_Rsvd:        0
HugePages_Surp:        0
Hugepagesize:       2048 kB
DirectMap4k:      141052 kB
DirectMap2M:     3950592 kB


CPU:total 8 (4 cores per cpu, 2 threads per core) family 6 model 58 stepping 9, cmov, cx8, fxsr, mmx, sse, sse2, sse3, ssse3, sse4.1, sse4.2, popcnt, avx, aes, clmul, erms, ht, tsc, tscinvbit, tscinv

/proc/cpuinfo:
processor	: 0
vendor_id	: GenuineIntel
cpu family	: 6
model		: 58
model name	: Intel(R) Core(TM) i7-3610QM CPU @ 2.30GHz
stepping	: 9
microcode	: 0x1b
cpu MHz		: 2084.824
cache size	: 6144 KB
physical id	: 0
siblings	: 8
core id		: 0
cpu cores	: 4
apicid		: 0
initial apicid	: 0
fpu		: yes
fpu_exception	: yes
cpuid level	: 13
wp		: yes
flags		: fpu vme de pse tsc msr pae mce cx8 apic sep mtrr pge mca cmov pat pse36 clflush dts acpi mmx fxsr sse sse2 ss ht tm pbe syscall nx rdtscp lm constant_tsc arch_perfmon pebs bts rep_good nopl xtopology nonstop_tsc aperfmperf eagerfpu pni pclmulqdq dtes64 monitor ds_cpl vmx est tm2 ssse3 cx16 xtpr pdcm pcid sse4_1 sse4_2 x2apic popcnt tsc_deadline_timer aes xsave avx f16c rdrand lahf_lm ida arat epb pln pts dtherm tpr_shadow vnmi flexpriority ept vpid fsgsbase smep erms xsaveopt
bugs		:
bogomips	: 4591.58
clflush size	: 64
cache_alignment	: 64
address sizes	: 36 bits physical, 48 bits virtual
power management:

processor	: 1
vendor_id	: GenuineIntel
cpu family	: 6
model		: 58
model name	: Intel(R) Core(TM) i7-3610QM CPU @ 2.30GHz
stepping	: 9
microcode	: 0x1b
cpu MHz		: 3099.968
cache size	: 6144 KB
physical id	: 0
siblings	: 8
core id		: 0
cpu cores	: 4
apicid		: 1
initial apicid	: 1
fpu		: yes
fpu_exception	: yes
cpuid level	: 13
wp		: yes
flags		: fpu vme de pse tsc msr pae mce cx8 apic sep mtrr pge mca cmov pat pse36 clflush dts acpi mmx fxsr sse sse2 ss ht tm pbe syscall nx rdtscp lm constant_tsc arch_perfmon pebs bts rep_good nopl xtopology nonstop_tsc aperfmperf eagerfpu pni pclmulqdq dtes64 monitor ds_cpl vmx est tm2 ssse3 cx16 xtpr pdcm pcid sse4_1 sse4_2 x2apic popcnt tsc_deadline_timer aes xsave avx f16c rdrand lahf_lm ida arat epb pln pts dtherm tpr_shadow vnmi flexpriority ept vpid fsgsbase smep erms xsaveopt
bugs		:
bogomips	: 4591.58
clflush size	: 64
cache_alignment	: 64
address sizes	: 36 bits physical, 48 bits virtual
power management:

processor	: 2
vendor_id	: GenuineIntel
cpu family	: 6
model		: 58
model name	: Intel(R) Core(TM) i7-3610QM CPU @ 2.30GHz
stepping	: 9
microcode	: 0x1b
cpu MHz		: 1581.250
cache size	: 6144 KB
physical id	: 0
siblings	: 8
core id		: 1
cpu cores	: 4
apicid		: 2
initial apicid	: 2
fpu		: yes
fpu_exception	: yes
cpuid level	: 13
wp		: yes
flags		: fpu vme de pse tsc msr pae mce cx8 apic sep mtrr pge mca cmov pat pse36 clflush dts acpi mmx fxsr sse sse2 ss ht tm pbe syscall nx rdtscp lm constant_tsc arch_perfmon pebs bts rep_good nopl xtopology nonstop_tsc aperfmperf eagerfpu pni pclmulqdq dtes64 monitor ds_cpl vmx est tm2 ssse3 cx16 xtpr pdcm pcid sse4_1 sse4_2 x2apic popcnt tsc_deadline_timer aes xsave avx f16c rdrand lahf_lm ida arat epb pln pts dtherm tpr_shadow vnmi flexpriority ept vpid fsgsbase smep erms xsaveopt
bugs		:
bogomips	: 4591.58
clflush size	: 64
cache_alignment	: 64
address sizes	: 36 bits physical, 48 bits virtual
power management:

processor	: 3
vendor_id	: GenuineIntel
cpu family	: 6
model		: 58
model name	: Intel(R) Core(TM) i7-3610QM CPU @ 2.30GHz
stepping	: 9
microcode	: 0x1b
cpu MHz		: 3236.171
cache size	: 6144 KB
physical id	: 0
siblings	: 8
core id		: 1
cpu cores	: 4
apicid		: 3
initial apicid	: 3
fpu		: yes
fpu_exception	: yes
cpuid level	: 13
wp		: yes
flags		: fpu vme de pse tsc msr pae mce cx8 apic sep mtrr pge mca cmov pat pse36 clflush dts acpi mmx fxsr sse sse2 ss ht tm pbe syscall nx rdtscp lm constant_tsc arch_perfmon pebs bts rep_good nopl xtopology nonstop_tsc aperfmperf eagerfpu pni pclmulqdq dtes64 monitor ds_cpl vmx est tm2 ssse3 cx16 xtpr pdcm pcid sse4_1 sse4_2 x2apic popcnt tsc_deadline_timer aes xsave avx f16c rdrand lahf_lm ida arat epb pln pts dtherm tpr_shadow vnmi flexpriority ept vpid fsgsbase smep erms xsaveopt
bugs		:
bogomips	: 4591.58
clflush size	: 64
cache_alignment	: 64
address sizes	: 36 bits physical, 48 bits virtual
power management:

processor	: 4
vendor_id	: GenuineIntel
cpu family	: 6
model		: 58
model name	: Intel(R) Core(TM) i7-3610QM CPU @ 2.30GHz
stepping	: 9
microcode	: 0x1b
cpu MHz		: 2468.816
cache size	: 6144 KB
physical id	: 0
siblings	: 8
core id		: 2
cpu cores	: 4
apicid		: 4
initial apicid	: 4
fpu		: yes
fpu_exception	: yes
cpuid level	: 13
wp		: yes
flags		: fpu vme de pse tsc msr pae mce cx8 apic sep mtrr pge mca cmov pat pse36 clflush dts acpi mmx fxsr sse sse2 ss ht tm pbe syscall nx rdtscp lm constant_tsc arch_perfmon pebs bts rep_good nopl xtopology nonstop_tsc aperfmperf eagerfpu pni pclmulqdq dtes64 monitor ds_cpl vmx est tm2 ssse3 cx16 xtpr pdcm pcid sse4_1 sse4_2 x2apic popcnt tsc_deadline_timer aes xsave avx f16c rdrand lahf_lm ida arat epb pln pts dtherm tpr_shadow vnmi flexpriority ept vpid fsgsbase smep erms xsaveopt
bugs		:
bogomips	: 4591.58
clflush size	: 64
cache_alignment	: 64
address sizes	: 36 bits physical, 48 bits virtual
power management:

processor	: 5
vendor_id	: GenuineIntel
cpu family	: 6
model		: 58
model name	: Intel(R) Core(TM) i7-3610QM CPU @ 2.30GHz
stepping	: 9
microcode	: 0x1b
cpu MHz		: 2432.609
cache size	: 6144 KB
physical id	: 0
siblings	: 8
core id		: 2
cpu cores	: 4
apicid		: 5
initial apicid	: 5
fpu		: yes
fpu_exception	: yes
cpuid level	: 13
wp		: yes
flags		: fpu vme de pse tsc msr pae mce cx8 apic sep mtrr pge mca cmov pat pse36 clflush dts acpi mmx fxsr sse sse2 ss ht tm pbe syscall nx rdtscp lm constant_tsc arch_perfmon pebs bts rep_good nopl xtopology nonstop_tsc aperfmperf eagerfpu pni pclmulqdq dtes64 monitor ds_cpl vmx est tm2 ssse3 cx16 xtpr pdcm pcid sse4_1 sse4_2 x2apic popcnt tsc_deadline_timer aes xsave avx f16c rdrand lahf_lm ida arat epb pln pts dtherm tpr_shadow vnmi flexpriority ept vpid fsgsbase smep erms xsaveopt
bugs		:
bogomips	: 4591.58
clflush size	: 64
cache_alignment	: 64
address sizes	: 36 bits physical, 48 bits virtual
power management:

processor	: 6
vendor_id	: GenuineIntel
cpu family	: 6
model		: 58
model name	: Intel(R) Core(TM) i7-3610QM CPU @ 2.30GHz
stepping	: 9
microcode	: 0x1b
cpu MHz		: 2472.949
cache size	: 6144 KB
physical id	: 0
siblings	: 8
core id		: 3
cpu cores	: 4
apicid		: 6
initial apicid	: 6
fpu		: yes
fpu_exception	: yes
cpuid level	: 13
wp		: yes
flags		: fpu vme de pse tsc msr pae mce cx8 apic sep mtrr pge mca cmov pat pse36 clflush dts acpi mmx fxsr sse sse2 ss ht tm pbe syscall nx rdtscp lm constant_tsc arch_perfmon pebs bts rep_good nopl xtopology nonstop_tsc aperfmperf eagerfpu pni pclmulqdq dtes64 monitor ds_cpl vmx est tm2 ssse3 cx16 xtpr pdcm pcid sse4_1 sse4_2 x2apic popcnt tsc_deadline_timer aes xsave avx f16c rdrand lahf_lm ida arat epb pln pts dtherm tpr_shadow vnmi flexpriority ept vpid fsgsbase smep erms xsaveopt
bugs		:
bogomips	: 4591.58
clflush size	: 64
cache_alignment	: 64
address sizes	: 36 bits physical, 48 bits virtual
power management:

processor	: 7
vendor_id	: GenuineIntel
cpu family	: 6
model		: 58
model name	: Intel(R) Core(TM) i7-3610QM CPU @ 2.30GHz
stepping	: 9
microcode	: 0x1b
cpu MHz		: 1863.628
cache size	: 6144 KB
physical id	: 0
siblings	: 8
core id		: 3
cpu cores	: 4
apicid		: 7
initial apicid	: 7
fpu		: yes
fpu_exception	: yes
cpuid level	: 13
wp		: yes
flags		: fpu vme de pse tsc msr pae mce cx8 apic sep mtrr pge mca cmov pat pse36 clflush dts acpi mmx fxsr sse sse2 ss ht tm pbe syscall nx rdtscp lm constant_tsc arch_perfmon pebs bts rep_good nopl xtopology nonstop_tsc aperfmperf eagerfpu pni pclmulqdq dtes64 monitor ds_cpl vmx est tm2 ssse3 cx16 xtpr pdcm pcid sse4_1 sse4_2 x2apic popcnt tsc_deadline_timer aes xsave avx f16c rdrand lahf_lm ida arat epb pln pts dtherm tpr_shadow vnmi flexpriority ept vpid fsgsbase smep erms xsaveopt
bugs		:
bogomips	: 4591.58
clflush size	: 64
cache_alignment	: 64
address sizes	: 36 bits physical, 48 bits virtual
power management:



Memory: 4k page, physical 3948712k(32228k free), swap 0k(0k free)

vm_info: OpenJDK 64-Bit Server VM (25.66-b17) for linux-amd64 JRE (1.8.0_66-b17), built on Nov 18 2015 10:03:43 by "builduser" with gcc 5.2.0

time: Mon Nov 30 19:57:41 2015
elapsed time: 3 seconds (0d 0h 0m 3s)

